Log started at 16.04.2026	19:01:06
Number of used processors (NPROC): 24.
Number of mesh partitions (NPART): 24.
Total Physical Memory = 31.71 Gb, Available Physical Memory = 12.45 Gb
Computer name:	DESKTOP-QJTI7HF
Operating system:	Windows 11 (or higher) (Version 10.0.26200)

Commandline:	"c:\program files\solidworks corp\solidworks flow simulation (3)\bincfw\\efdsolver.exe" /config:"C:\Users\M0obo\OneDrive\Desktop\RC-v1\Fuselage\Sections\1\1.xmlconfig" /guid:254353aa-b255-44ba-89ef-29272a5d1911 /processors:max /m /s /prjnamelm:"Flow Simulation 2026" /prjnamehabout:"Flow Simulation 2026" /companyname:"COSMOS Applications" /prjaliasid:1002 /lang:English /port:59021

SOLIDWORKS 2026 SP0.0
Flow Simulation 2026  x64 / 6837

Project: C:\Users\M0obo\OneDrive\Desktop\RC-v1\Fuselage\Sections\1\1.xmlconfig
Configuration name: Default
Project name: Nose Airflow
Problem type: external-type
Exclude cavities without flow conditions: ON
NGK: OFF
MBO: OFF
-----------------------------------------------------------------------
Mesher option run = eRunMesherNormal
-----------------------------------------------------------------------

Mesh generation started:	16.4.2026	19:1:6
-----------------------------------------------------------------------
Memory Working Set Current = 16.55 Mb, Memory Working Set Peak = 16.55 Mb
Memory Private Bytes Current = 11.83 Mb, Memory Private Bytes Peak = 11.83 Mb
Process Threads Number: 8
-----------------------------------------------------------------------
Mesher adjust APD = OFF; AdjustAPD_method=0; N_per_Channel = 0; N2_per_Channel = 0
Current CPU = 0 sec
-----------------------------------------------------------------------
Geometries initialization:
-----------------------------------------------------------------------
Loading mesh settings (global/local)...
-----------------------------------------------------------------------
Number of geometries from DB: 1
Geometry(0):
	Guid = {00000000-0000-0000-0000-000000000000}
	Fluid..
	1 Body.
	1 Real body.
	-- Bodyset 0 --
		Tolerance=1.34434e-05.
		153 Face(s).
			153 of b-spline type.
		0 Face(s) that have no ref faces
		50 Plane surface(s).
		26 Cylinder surface(s).
		24 Cone surface(s).
		4 Sphere surface(s).
		6 Torus surface(s).
		29 B- surface(s).
		14 Extrude surface(s).
		87108 Triangle(s).
		Getting triangle connectivities from DB: 0.003 s
		362 Edge(s).
			362 of b-spline type.
		BodyGeom reading: 0.028 s.
		153 Reference Face(s).
		87108 Reference Triangles.
		Getting triangle connectivities from DB (Ref): 0.002 s
		BodyGeom Ref reading: 0.006 s.
Geometry(1):
	Solid.
	-- Bodyset 1 --
	Empty
-----------------------------------------------------------------------
Calculating t-connected sets:
BodySet (0):
		Number of t-connected sets:1 (cavity=0)
BodySet (1):
no log info (empty stream)

Calculating t-connected sets takes 0.008 s
-----------------------------------------------------------------------
Number of geometries in task: 2
	G : 0	Type: Fluid	Bodies: 1		Faces: 153		Edges: 362		Triangles: 87108
	G : 1	Type: Solid	Bodies: 0		Faces: 0		Edges: 0		Triangles: 0
Number of bodysets in task: 2

Bodies:     1
Faces:      153
Edges:      362
Triangles:  87108
-----------------------------------------------------------------------
BodySet (0):
	Making hash and connectivity for Bodyset ...
		CBodyGeom:
		Hashing triangles...Ok.
		Hash size: {50, 52, 74}.
		Mesh size: {50, 52, 74}.
			axis(0) tr sizes: average=105 max=1142
			axis(1) tr sizes: average=103 max=1168
			axis(2) tr sizes: average=78 max=1065
		CBodyGeomRef:
		Hashing triangles...Ok.
		Hash size: {50, 52, 74}.
		Mesh size: {50, 52, 74}.
			axis(0) tr sizes: average=102 max=1118
			axis(1) tr sizes: average=100 max=1141
			axis(2) tr sizes: average=76 max=960
	0.0208 s.
Geometries reading and preparing has taken 0.082 s.
-----------------------------------------------------------------------
Mapped triangles:
Hashing rough geometry(bodies) triangulation:
BodySet (0):
	Triangles num=87108
	Triangles box={-0.0314687 ,0.0314687 ,-0.032879 ,0.0328782 ,-0.075 ,0.015}
		3d-hash size is 1367636 bytes
BodySet (1):
no log info (empty stream)

MMP (mapped_tr): locals=3, allc_sz=13.96 MB (0.00 MB), used_sz=12.19 MB, blk_sz=(0.19 MB/2.15 MB), blks-min-max=5/31 (big 0/0)
Free work mem pool...OK (0.001 s)
Mapped triangles processed in 0.033 s.
-----------------------------------------------------------------------
-----------------------------------------------------------------------
Getting sectors:
Number of sectors: 0
-----------------------------------------------------------------------
Current CPU = 0 sec
-----------------------------------------------------------------------
Memory Working Set Current = 73.00 Mb, Memory Working Set Peak = 98.57 Mb
Memory Private Bytes Current = 83.57 Mb, Memory Private Bytes Peak = 114.45 Mb
Process Threads Number: 31
-----------------------------------------------------------------------
-----------------------------------------------------------------------
Checking faces on CD...
FCD = [0 0 0 0 0 0]
FCD_conflicts = 0
Time (check faces on CD)=0.000 s
-----------------------------------------------------------------------

-----------------------------------------------------------------------
Mesh dimensions:
				I[0 ]=50
				I[1 ]=52
				I[2 ]=74

Comp. domain size:
				a[0  ]=-0.240214
				a[1  ]=0.240214
				a[2  ]=-0.241601
				a[3  ]=0.241618
				a[4  ]=-0.419051
				a[5  ]=0.220898

Fluid calculated			1
Solid calculated			0
-----------------------------------------------------------------------
MESH Build started...
-----------------------------------------------------------------------
Mesh LEVEL = 1
-----------------------------------------------------------------------
-----------------------------------------------------------------------
CPT-mode xeps:
	D / dh / eps [axis=0] = (0.480428, 0.00186831, 1.86831e-06)
	D / dh / eps [axis=1] = (0.483219, 0.0018338, 1.8338e-06)
	D / dh / eps [axis=2] = (0.639948, 0.00244374, 2.44374e-06)
-----------------------------------------------------------------------
Initial allocation and brick-body-box intersection...OK (0.002 s)
Initial triangle brick intersection...OK (0.000 s)
Setting regions (192400 / 192400)...OK (0.000 s)
-----------------------------------------------------------------------
Base mesh info:
	3D task
	Nx=50
	Ny=52
	Nz=74
	N(Nx*Ny*Nz) = 2600
	Period    axis=[0, 0, 0]
	Symmetry  ni=[0 0 0 0 0 0]
	ZoomingBC ni=[0 0 0 0 0 0]
	Nx=50
		x[0]=-0.240214
		x[1]=-0.21069
		x[2]=-0.184909
		x[3]=-0.162388
		x[4]=-0.142714
		x[5]=-0.125527
		x[6]=-0.110514
		x[7]=-0.0973989
		x[8]=-0.0859419
		x[9]=-0.0759336
		x[10]=-0.0671906
		x[11]=-0.0595531
		x[12]=-0.0528813
		x[13]=-0.047053
		x[14]=-0.0419616
		x[15]=-0.037514
		x[16]=-0.0336287
		x[17]=-0.0298921
		x[18]=-0.0261554
		x[19]=-0.0224188
		x[20]=-0.0186821
		x[21]=-0.0149455
		x[22]=-0.0112088
		x[23]=-0.00747214
		x[24]=-0.00373549
		x[25]=1.17354e-06
		x[26]=0.00373783
		x[27]=0.00747449
		x[28]=0.0112111
		x[29]=0.0149478
		x[30]=0.0186845
		x[31]=0.0224211
		x[32]=0.0261578
		x[33]=0.0298944
		x[34]=0.0336311
		x[35]=0.0375166
		x[36]=0.0419647
		x[37]=0.0470565
		x[38]=0.0528853
		x[39]=0.0595578
		x[40]=0.067196
		x[41]=0.0759397
		x[42]=0.0859489
		x[43]=0.0974068
		x[44]=0.110523
		x[45]=0.125538
		x[46]=0.142726
		x[47]=0.162401
		x[48]=0.184925
		x[49]=0.210708
		x[50]=0.240214
	Ny=52
		y[0]=-0.241601
		y[1]=-0.213795
		y[2]=-0.189303
		y[3]=-0.167723
		y[4]=-0.148709
		y[5]=-0.131956
		y[6]=-0.117194
		y[7]=-0.104188
		y[8]=-0.0927287
		y[9]=-0.0826316
		y[10]=-0.0737351
		y[11]=-0.0658964
		y[12]=-0.0589898
		y[13]=-0.0529043
		y[14]=-0.0475425
		y[15]=-0.0428181
		y[16]=-0.0386555
		y[17]=-0.0349879
		y[18]=-0.0310992
		y[19]=-0.0272106
		y[20]=-0.0233219
		y[21]=-0.0194333
		y[22]=-0.0155447
		y[23]=-0.0116561
		y[24]=-0.00776744
		y[25]=-0.00387882
		y[26]=9.80536e-06
		y[27]=0.00389843
		y[28]=0.00778705
		y[29]=0.0116757
		y[30]=0.0155643
		y[31]=0.0194529
		y[32]=0.0233415
		y[33]=0.0272302
		y[34]=0.0311188
		y[35]=0.0350074
		y[36]=0.038675
		y[37]=0.0428378
		y[38]=0.0475623
		y[39]=0.0529244
		y[40]=0.0590101
		y[41]=0.0659171
		y[42]=0.0737562
		y[43]=0.0826532
		y[44]=0.0927509
		y[45]=0.104211
		y[46]=0.117218
		y[47]=0.13198
		y[48]=0.148735
		y[49]=0.16775
		y[50]=0.189332
		y[51]=0.213826
		y[52]=0.241618
	Nz=74
		z[0]=-0.419051
		z[1]=-0.383538
		z[2]=-0.353443
		z[3]=-0.327932
		z[4]=-0.306306
		z[5]=-0.287975
		z[6]=-0.272435
		z[7]=-0.259262
		z[8]=-0.248096
		z[9]=-0.238631
		z[10]=-0.230607
		z[11]=-0.223805
		z[12]=-0.218039
		z[13]=-0.213152
		z[14]=-0.208214
		z[15]=-0.203276
		z[16]=-0.198338
		z[17]=-0.1934
		z[18]=-0.188461
		z[19]=-0.183523
		z[20]=-0.178585
		z[21]=-0.173647
		z[22]=-0.168709
		z[23]=-0.163771
		z[24]=-0.158833
		z[25]=-0.153895
		z[26]=-0.148957
		z[27]=-0.144019
		z[28]=-0.139081
		z[29]=-0.134143
		z[30]=-0.129205
		z[31]=-0.124266
		z[32]=-0.119328
		z[33]=-0.11439
		z[34]=-0.109452
		z[35]=-0.104514
		z[36]=-0.099576
		z[37]=-0.0946379
		z[38]=-0.0896999
		z[39]=-0.0847618
		z[40]=-0.0798237
		z[41]=-0.0748856
		z[42]=-0.0699475
		z[43]=-0.0650094
		z[44]=-0.0600714
		z[45]=-0.0551333
		z[46]=-0.0501952
		z[47]=-0.0452571
		z[48]=-0.040319
		z[49]=-0.035381
		z[50]=-0.0304429
		z[51]=-0.025512
		z[52]=-0.0205811
		z[53]=-0.0156502
		z[54]=-0.0107194
		z[55]=-0.00578849
		z[56]=-0.000857619
		z[57]=0.00407326
		z[58]=0.00900413
		z[59]=0.013935
		z[60]=0.0188659
		z[61]=0.0237968
		z[62]=0.0287276
		z[63]=0.0337985
		z[64]=0.0398485
		z[65]=0.0470665
		z[66]=0.0556779
		z[67]=0.0659519
		z[68]=0.0782093
		z[69]=0.0928331
		z[70]=0.11028
		z[71]=0.131095
		z[72]=0.155929
		z[73]=0.185558
		z[74]=0.220898
-----------------------------------------------------------------------
Input_mesh_settings--------------------------------
Settings 0----------------
	Scope: GLOBAL
	Type:	------MESHER_SETTINGS----------
	RefAllCells           =0
	RefFluidCells         =0
	RefPartCells          =0
	RefSolidCells         =0
	l_SSFR(Capture crit)  =1
	l_curv(Curvature crit)=0
	l_tol(Tolerance crit) =0
	UseChannelRef         =1
	  NCR_method          =0
	  l_NCR               =1
	  N_gap               =10
	  Use d_NCR_min       =0
	  Use d_NCR_max       =0
	CloseThinSlotsHeight         =0
	--END_OF_MESHER_SETTINGS-------
End of input mesh settings-------------------------
-----------------------------------------------------------------------
Memory Working Set Current = 110.71 Mb, Memory Working Set Peak = 110.71 Mb
Memory Private Bytes Current = 142.08 Mb, Memory Private Bytes Peak = 142.08 Mb
Process Threads Number: 31
-----------------------------------------------------------------------
MMP (gbs): locals=3, allc_sz=59.35 MB (0.00 MB), used_sz=50.55 MB, blk_sz=(2.41 MB/9.63 MB), blks-min-max=3/6 (big 0/0)
MMP (cpt_rgs): locals=0, allc_sz=0.00 MB (0.00 MB), used_sz=0.00 MB, blk_sz=(0.00 MB/0.00 MB), blks-min-max=0/0 (big 0/0)
MMP (slv_rgs): locals=0, allc_sz=0.00 MB (0.00 MB), used_sz=0.00 MB, blk_sz=(0.00 MB/0.00 MB), blks-min-max=0/0 (big 0/0)
MMP (msh): locals=24, allc_sz=30.91 MB (0.00 MB), used_sz=22.02 MB, blk_sz=(0.02 MB/11.30 MB), blks-min-max=3/17 (big 0/0)
MMP (brx): locals=24, allc_sz=14.43 MB (0.00 MB), used_sz=13.26 MB, blk_sz=(0.03 MB/0.13 MB), blks-min-max=5/22 (big 0/0)
MMP (bcf): locals=0, allc_sz=0.00 MB (0.00 MB), used_sz=0.00 MB, blk_sz=(0.00 MB/0.00 MB), blks-min-max=0/0 (big 0/0)
MMP (xsl): locals=1, allc_sz=0.02 MB (0.00 MB), used_sz=0.00 MB, blk_sz=(0.02 MB/0.02 MB), blks-min-max=1/1 (big 0/0)
NxNyNz = [50, 52, 74]
base_dx=0.00918306; 
NxNyNz_reverse = [52, 53, 70]

-----------------------------------------------------------------------
Refining geometries:
-----------------------------------------------------------------------

-----------------------------------------------------------------------
Refining by triangulation...
Refinement input: 192400 bricks
	Checking crit (192400 / 192400)...148 marked (0.005 s)
	Time(refinement): 0.000 s
Setting regions (1184 / 193436)...OK (0.000 s)
	Checking crit (0 / 193436)...0 marked (0.000 s)
Refinement result (1 iterations): 193436 bricks (0.008 s)
Refinement input: 193436 bricks
	Checking crit (192252 / 193436)...0 marked (0.001 s)
Refinement result (0 iterations): 193436 bricks (0.001 s)
Collecting and processing rays:
	Adding rays...OK (0.005 s)
	Adding flags...OK (0.001 s)
	new bricks = 193436 / 193436
	new rays   = 11318 (x=4181, y=4070, z=3067)
	Processing rays...
		Rays process: Total time: 0.066, count: 1, Average time: 0.066, Maximum time: 0.066
		Sort xstacks: Total time: 0.000, count: 1, Average time: 0.000, Maximum time: 0.000
		Put xstacks:  Total time: 0.000, count: 1, Average time: 0.000, Maximum time: 0.000
		Total:         0.067 s
	Correcting rays...
		Lame vertices: Total time: 0.005, count: 3, Average time: 0.002, Maximum time: 0.002
		Bad rays:      Total time: 0.000, count: 1, Average time: 0.000, Maximum time: 0.000
		Emit rays:     Total time: 0.001, count: 1, Average time: 0.001, Maximum time: 0.001
		Correct ray f: Total time: 0.000, count: 1, Average time: 0.000, Maximum time: 0.000
		Undef:         Total time: 0.000, count: 1, Average time: 0.000, Maximum time: 0.000
		Sum:           Total time: 0.005, count: 1, Average time: 0.005, Maximum time: 0.005
		Total:         0.006 s
	Time (rays): 0.079 s
	Calls                1974
	CorrectRay Calls     0
Capturing (193436 / 193436)...
Capturing takes (0.003 s)
Refining by triangulation takes 0.091 s
-----------------------------------------------------------------------

-----------------------------------------------------------------------
Refining 0 peculiar surfaces...
Collecting and processing rays:
	Adding rays...OK (0.000 s)
	Adding flags...OK (0.000 s)
	new bricks = 0 / 193436
	new rays   = 0 (x=0, y=0, z=0)
	Processing rays...
		Rays process: Total time: 0.000, count: 1, Average time: 0.000, Maximum time: 0.000
		Sort xstacks: Total time: 0.000, count: 1, Average time: 0.000, Maximum time: 0.000
		Put xstacks:  Total time: 0.000, count: 1, Average time: 0.000, Maximum time: 0.000
		Total:         0.000 s
	Correcting rays...
		Total:         0.000 s
	Time (rays): 0.001 s
	Calls                0
	CorrectRay Calls     0
Capturing (0 / 193436)...
Capturing takes (0.001 s)
0 surfaces refined
Refining peculiar surfaces takes 0.002 s
-----------------------------------------------------------------------

-----------------------------------------------------------------------
Base mesh 1 Refining...
Collecting and processing rays:
	Adding rays...OK (0.000 s)
	Adding flags...OK (0.000 s)
	new bricks = 0 / 193436
	new rays   = 0 (x=0, y=0, z=0)
	Processing rays...
		Rays process: Total time: 0.000, count: 1, Average time: 0.000, Maximum time: 0.000
		Sort xstacks: Total time: 0.000, count: 1, Average time: 0.000, Maximum time: 0.000
		Put xstacks:  Total time: 0.000, count: 1, Average time: 0.000, Maximum time: 0.000
		Total:         0.000 s
	Correcting rays...
		Total:         0.000 s
	Time (rays): 0.001 s
	Calls                0
	CorrectRay Calls     0
Capturing (0 / 193436)...
Capturing takes (0.000 s)
Refinement input: 193436 bricks
	Checking crit (192252 / 193436)...0 marked (0.000 s)
Refinement result (0 iterations): 193436 bricks (0.001 s)
-----------------------------------------------------------------------
Refining channels...
FYI: CNarrowChannelRefiner::RefineChannels_PRLL
Refinement input: 193436 bricks
	Time(refinement): 0.001 s
Setting regions (19488 / 210488)...OK (0.000 s)
Refinement result (1 iterations): 210488 bricks (0.003 s)
Collecting and processing rays:
	Adding rays...OK (0.001 s)
	Adding flags...OK (0.000 s)
	new bricks = 19488 / 210488
	new rays   = 1589 (x=531, y=570, z=488)
	Processing rays...
		Rays process: Total time: 0.003, count: 1, Average time: 0.003, Maximum time: 0.003
		Sort xstacks: Total time: 0.000, count: 1, Average time: 0.000, Maximum time: 0.000
		Put xstacks:  Total time: 0.000, count: 1, Average time: 0.000, Maximum time: 0.000
		Total:         0.003 s
	Correcting rays...
		Lame vertices: Total time: 0.002, count: 3, Average time: 0.001, Maximum time: 0.001
		Bad rays:      Total time: 0.000, count: 1, Average time: 0.000, Maximum time: 0.000
		Emit rays:     Total time: 0.001, count: 1, Average time: 0.001, Maximum time: 0.001
		Correct ray f: Total time: 0.000, count: 1, Average time: 0.000, Maximum time: 0.000
		Undef:         Total time: 0.000, count: 1, Average time: 0.000, Maximum time: 0.000
		Sum:           Total time: 0.003, count: 1, Average time: 0.003, Maximum time: 0.003
		Total:         0.004 s
	Time (rays): 0.008 s
	Calls                1589
	CorrectRay Calls     0
Capturing (19488 / 210488)...
Capturing takes (0.001 s)
FYI: m_iteration_count = 0
Level1 statistics:
     level1_cnt_plus[1]=19488;		level1_cnt_minus[1]=0
     level1_cnt_plus[2]=0;		level1_cnt_minus[2]=0
     level1_cnt_plus[3]=0;		level1_cnt_minus[3]=0
     level1_cnt_plus[4]=0;		level1_cnt_minus[4]=0
     level1_cnt_plus[5]=0;		level1_cnt_minus[5]=0
     level1_cnt_plus[6]=0;		level1_cnt_minus[6]=0
     level1_cnt_plus[7]=0;		level1_cnt_minus[7]=0
     level1_cnt_plus[8]=0;		level1_cnt_minus[8]=0
     level1_cnt_plus[9]=0;		level1_cnt_minus[9]=0
Refinement input: 210488 bricks
	Time(refinement): 0.000 s
Setting regions (128 / 210600)...OK (0.000 s)
Refinement result (1 iterations): 210600 bricks (0.002 s)
Collecting and processing rays:
	Adding rays...OK (0.000 s)
	Adding flags...OK (0.000 s)
	new bricks = 128 / 210600
	new rays   = 0 (x=0, y=0, z=0)
	Processing rays...
		Rays process: Total time: 0.000, count: 1, Average time: 0.000, Maximum time: 0.000
		Sort xstacks: Total time: 0.000, count: 1, Average time: 0.000, Maximum time: 0.000
		Put xstacks:  Total time: 0.000, count: 1, Average time: 0.000, Maximum time: 0.000
		Total:         0.000 s
	Correcting rays...
		Total:         0.000 s
	Time (rays): 0.001 s
	Calls                0
	CorrectRay Calls     0
Capturing (128 / 210600)...
Capturing takes (0.001 s)
FYI: m_iteration_count = 1
Level1 statistics:
     level1_cnt_plus[1]=19616;		level1_cnt_minus[1]=0
     level1_cnt_plus[2]=0;		level1_cnt_minus[2]=0
     level1_cnt_plus[3]=0;		level1_cnt_minus[3]=0
     level1_cnt_plus[4]=0;		level1_cnt_minus[4]=0
     level1_cnt_plus[5]=0;		level1_cnt_minus[5]=0
     level1_cnt_plus[6]=0;		level1_cnt_minus[6]=0
     level1_cnt_plus[7]=0;		level1_cnt_minus[7]=0
     level1_cnt_plus[8]=0;		level1_cnt_minus[8]=0
     level1_cnt_plus[9]=0;		level1_cnt_minus[9]=0
FYI: m_iteration_count = 2
Level1 statistics:
     level1_cnt_plus[1]=19616;		level1_cnt_minus[1]=0
     level1_cnt_plus[2]=0;		level1_cnt_minus[2]=0
     level1_cnt_plus[3]=0;		level1_cnt_minus[3]=0
     level1_cnt_plus[4]=0;		level1_cnt_minus[4]=0
     level1_cnt_plus[5]=0;		level1_cnt_minus[5]=0
     level1_cnt_plus[6]=0;		level1_cnt_minus[6]=0
     level1_cnt_plus[7]=0;		level1_cnt_minus[7]=0
     level1_cnt_plus[8]=0;		level1_cnt_minus[8]=0
     level1_cnt_plus[9]=0;		level1_cnt_minus[9]=0
Level1 statistics:
     level1_cnt_plus[1]=19616;		level1_cnt_minus[1]=0
     level1_cnt_plus[2]=0;		level1_cnt_minus[2]=0
     level1_cnt_plus[3]=0;		level1_cnt_minus[3]=0
     level1_cnt_plus[4]=0;		level1_cnt_minus[4]=0
     level1_cnt_plus[5]=0;		level1_cnt_minus[5]=0
     level1_cnt_plus[6]=0;		level1_cnt_minus[6]=0
     level1_cnt_plus[7]=0;		level1_cnt_minus[7]=0
     level1_cnt_plus[8]=0;		level1_cnt_minus[8]=0
     level1_cnt_plus[9]=0;		level1_cnt_minus[9]=0

-----------------------------------------------------------------------
U-shapes refinement...
Refinement input: 210600 bricks
	Checking crit (189800 / 210600)...0 marked (0.001 s)
Refinement result (0 iterations): 210600 bricks (0.002 s)
Collecting and processing rays:
	Adding rays...OK (0.001 s)
	Adding flags...OK (0.000 s)
	new bricks = 0 / 210600
	new rays   = 0 (x=0, y=0, z=0)
	Processing rays...
		Rays process: Total time: 0.000, count: 1, Average time: 0.000, Maximum time: 0.000
		Sort xstacks: Total time: 0.000, count: 1, Average time: 0.000, Maximum time: 0.000
		Put xstacks:  Total time: 0.000, count: 1, Average time: 0.000, Maximum time: 0.000
		Total:         0.001 s
	Correcting rays...
		Total:         0.000 s
	Time (rays): 0.002 s
	Calls                0
	CorrectRay Calls     0
Capturing (0 / 210600)...
Capturing takes (0.000 s)
-----------------------------------------------------------------------
-----------------------------------------------------------------------
Equi Distant Refiner Objects:
-----------------------------------------------------------------------
-----------------------------------------------------------------------
Equi Distant Refiner:
Equi Distant Refiner takes 0.00 s
-----------------------------------------------------------------------
	Calls                0
	CorrectRay Calls     0

-----------------------------------------------------------------------
Refining geometries takes 0.144 s
-----------------------------------------------------------------------
-----------------------------------------------------------------------
Memory Working Set Current = 168.19 Mb, Memory Working Set Peak = 168.19 Mb
Memory Private Bytes Current = 195.93 Mb, Memory Private Bytes Peak = 195.93 Mb
Process Threads Number: 31
-----------------------------------------------------------------------
Defect ray count	0
-----------------------------------------------------------------------
CNarrowChannelRefiner::RedistributeLevel1_step_1_new: started...
	PrePass:                     19616
	Distribute level_1 on level = 0
	Front spread algorithm. Partition count = 24
	Time (front spread): 0.000 s
	Groups count = 0
	Changed level 1 count = 0
	Distribute level_1 on level = 1
	Front spread algorithm. Partition count = 24
	Time (front spread): 0.001 s
	Groups count = 9
	Changed level 1 count = 0
	AfterPass:                   19616
CNarrowChannelRefiner::RedistributeLevel1_step_1_new: finished in 0.004 s
Level1 statistics:
     level1_cnt_plus[1]=19616;		level1_cnt_minus[1]=0
     level1_cnt_plus[2]=0;		level1_cnt_minus[2]=0
     level1_cnt_plus[3]=0;		level1_cnt_minus[3]=0
     level1_cnt_plus[4]=0;		level1_cnt_minus[4]=0
     level1_cnt_plus[5]=0;		level1_cnt_minus[5]=0
     level1_cnt_plus[6]=0;		level1_cnt_minus[6]=0
     level1_cnt_plus[7]=0;		level1_cnt_minus[7]=0
     level1_cnt_plus[8]=0;		level1_cnt_minus[8]=0
     level1_cnt_plus[9]=0;		level1_cnt_minus[9]=0
CNarrowChannelRefiner::RedistributeLevel1_step_2: started...
	PrePass(step2):                     19616
	Brick chains count: 10748
	Level 1 changed: 17416 / 210600
	Sum (level 1 changed): 17232
	AfterPass(step2):                   20317
CNarrowChannelRefiner::RedistributeLevel1_step_2: finished in 0.019 s
Level1 statistics:
     level1_cnt_plus[1]=20317;		level1_cnt_minus[1]=0
     level1_cnt_plus[2]=0;		level1_cnt_minus[2]=0
     level1_cnt_plus[3]=0;		level1_cnt_minus[3]=0
     level1_cnt_plus[4]=0;		level1_cnt_minus[4]=0
     level1_cnt_plus[5]=0;		level1_cnt_minus[5]=0
     level1_cnt_plus[6]=0;		level1_cnt_minus[6]=0
     level1_cnt_plus[7]=0;		level1_cnt_minus[7]=0
     level1_cnt_plus[8]=0;		level1_cnt_minus[8]=0
     level1_cnt_plus[9]=0;		level1_cnt_minus[9]=0
CNarrowChannelRefiner::RedistributeLevel1_step_3_new: started...
	PrePass(step3):                     20317
	Distribute level_1 on level = 0
	Front spread algorithm. Partition count = 24
	Time (front spread): 0.004 s
	Groups count = 1
	Changed level 1 count = 0
	Distribute level_1 on level = 1
	Front spread algorithm. Partition count = 24
	Time (front spread): 0.000 s
	Groups count = 54
	Changed level 1 count = 407
	AfterPass(step3):                   20724
CNarrowChannelRefiner::RedistributeLevel1_step_3_new: finished in 0.007 s
Level1 statistics:
     level1_cnt_plus[1]=20317;		level1_cnt_minus[1]=407
     level1_cnt_plus[2]=0;		level1_cnt_minus[2]=0
     level1_cnt_plus[3]=0;		level1_cnt_minus[3]=0
     level1_cnt_plus[4]=0;		level1_cnt_minus[4]=0
     level1_cnt_plus[5]=0;		level1_cnt_minus[5]=0
     level1_cnt_plus[6]=0;		level1_cnt_minus[6]=0
     level1_cnt_plus[7]=0;		level1_cnt_minus[7]=0
     level1_cnt_plus[8]=0;		level1_cnt_minus[8]=0
     level1_cnt_plus[9]=0;		level1_cnt_minus[9]=0
MMP (ncr): locals=24, allc_sz=31.82 MB (0.00 MB), used_sz=29.86 MB, blk_sz=(0.07 MB/0.19 MB), blks-min-max=16/26 (big 0/0)
-----------------------------------------------------------------------
MSH format builder (Iteration 0)
-----------------------------------------------------------------------
Memory Working Set Current = 153.65 Mb, Memory Working Set Peak = 187.20 Mb
Memory Private Bytes Current = 181.45 Mb, Memory Private Bytes Peak = 215.30 Mb
Process Threads Number: 31
-----------------------------------------------------------------------
Total bricks count: 210600
-----------------------------------------------------------------------
MSH (Real Geometry) format constructor:
	Geom    Count = 2
	Bodyset Count = 2
	3D task
	Getting parser brick sets...OK (0.008 s)

	Min x-stack xeps = 2.2712e-05
	D / dh / eps [axis=0] = (0.480428, 0.00186831, 1.86831e-06)
	D / dh / eps [axis=1] = (0.483219, 0.00194431, 1.94431e-06)
	D / dh / eps [axis=2] = (0.639948, 0.00246544, 2.46544e-06)
	Time (xeps): 0.001 s
Level 1
	Set (0)  size: 10400
	Set (0)  time: 0.015 s
	Set (1)  size: 10400
	Set (1)  time: 0.012 s
Level 0
	Set (0)  size: 94900
	Set (0)  time: 0.005 s
	Set (1)  size: 94900
	Set (1)  time: 0.005 s

	Spread npq bricks...0 marked (0.000 s)

Result:
	Bricks number:                        210600

	Memory usage:                         8.595 MB
	Memory usage (per brick):             0.042 KB
	Construction time:                    0.047 s

	Topology features:
	------------------
	- High quality bricks                  100.00 % (210600)
	- Medium quality bricks                  0.00 % (0)
	- Bad quality bricks                     0.00 % (0)
	- NPQ bricks                             0.00 % (4)
	- Type-1 bricks                          4.57 % (9633)
	- Ribs corrected bricks                  0.00 % (0)
	- Points with geom-info (bricks)         0.00 % (0)
	- Points with closest-info (bricks)      0.00 % (0)
	- Triangulated by center (bricks)        0.00 % (4)
	- Facet w-faces mergings (bricks)        0.00 % (0)
	- To refine (bricks)                     0.00 % (0)
	- Points-count                           0.00 % (0)
	- T-self-intersection-all (bricks)       0.00 % (0)
	- T-self-intersection-simple (bricks)    0.00 % (0)
	- T-self-intersection-complex (bricks)   0.00 % (0)
	- NPQ by reason 1 u-shape                0.00 % (0)
	- NPQ by reason 2 tri-by-ctr             0.00 % (4)
	- NPQ by reason 3 ray-correction         0.00 % (0)
	- NPQ by reason 4 t-self-intersection    0.00 % (0)
	- NPQ by reason 5 non-good               0.00 % (0)
	- NPQ by reason 6 npq-worker             0.00 % (0)

-----------------------------------------------------------------------
Memory Working Set Current = 179.21 Mb, Memory Working Set Peak = 187.20 Mb
Memory Private Bytes Current = 207.16 Mb, Memory Private Bytes Peak = 215.30 Mb
Process Threads Number: 31
-----------------------------------------------------------------------
-----------------------------------------------------------------------
msh-iterations: 1
-----------------------------------------------------------------------
high---q-brick-count = 100.00 % (210600 210600)
medium-q-brick-count =   0.00 % (210600 0)
bad----q-brick-count =   0.00 % (210600 0)
np-----q-brick-count =   0.00 % (210600 4)
-----------------------------------------------------------------------
Free brick parser storage...OK(0.002 s)
-----------------------------------------------------------------------
Memory Working Set Current = 175.55 Mb, Memory Working Set Peak = 187.20 Mb
Memory Private Bytes Current = 205.87 Mb, Memory Private Bytes Peak = 215.30 Mb
Process Threads Number: 31
-----------------------------------------------------------------------
-----------------------------------------------------------------------
MSH --> BCF format (Iteration 0)...
BCF collector...(remove mode=0)
	Time (alloc counter per brick): 0.003 s
	Brick    count: 210600
	Av.f all count: 212943
	Av.s all count: 10723
	Av.f pid count: 12662
	Av.s pid count: 10037
	Faces fs count: 25811
	Faces ff count: 0
	Faces ss count: 0
	Faces bb count: 0
	Faces fe count: 20296
	Faces se count: 0
	Faces fw count: 46107
	Faces af count: 624540
	Faces as count: 26276
	Time (all count): 	0.002 s
	Time (bcf alloc): 	0.001 s
	Time (shifts alloc): 	0.007 s
	Time (shifts init): 	0.007 s
	Time (bcf fill): 	0.007 s
	Time (add av to faces): 0.000 s
	Time (add faces to av): 0.007 s
Time (bcf collect): 		0.033 s
	AV checker...
		Hole marker...
	Front spread algorithm. Partition count = 24
	Front spread algorithm. Partition count = 24
	Time (front spread): 0.006 s
	Time (front spread): 0.006 s
			Subdomains:               1.
			Subdomains (cond):        1.
			Time (subdomain constructors): 0.007 s.
			Time (potential-hole marking): 	0.002 s
	Front spread algorithm. Partition count = 24
	Time (front spread): 0.002 s
			Hole av set size = 0
			Hole checking...
			Time (hole checking): 0.000 s.
			0 av(s) are marked to fill 0 subdomain holes.
		Time (hole marker): 0.013 s.
	Time (check av): 	0.019 s
	Subdomain checker...
	Front spread algorithm. Partition count = 24
	Time (front spread): 0.004 s
		Subdomains construction time: 0.004 s.
		Subdomains sort time: 0.000 s.
			Subdomain 0 (geom_ind=0): 212943 av
			Subdomain 1 (geom_ind=1): 10723 av
		gi: 0, real bodies: 1
		gi: 0, subdomains:  1
		gi: 1, real bodies: 0
		gi: 1, subdomains:  1
		Defect subdomains: 0
	Time (check subdoms): 	0.005 s
Time (bcf iteration total): 	0.059 s
	Sum of fw-nb: 		13650
	Time (fw-nb): 		0.000 s
	Fixed mutual fw-nb:     13650 (bb: 0)
	Time (fw-nb mutual): 	0.002 s
	Time (fw-nb sort): 	0.000 s
	Fw-opt BEFORE total:    46107 (fs=25811, ff=0, ss=0)
	Fw-opt AFTER  total:    36016 (fs=15720, ff=0, ss=0, failed fw/br=0/0, big_curv=30, big_poly=0)
	Fw-opt RESULT:          10091 (res/(fs+ff+ss) = 39.10 %)
	Time (fw-opt): 		0.002 s
	Time (fw-re-order): 	0.002 s
	Sum of fw-nb: 		72237
	Time (fw-nb): 		0.002 s
	Fixed mutual fw-nb:     72237 (bb: 0)
	Time (fw-nb mutual): 	0.003 s
	Time (fw-nb sort): 	0.000 s
	Time (rfd conservation): 	0.000 s
	Time (rfd correct): 	0.000 s
	Time (av convexity): 	0.001 s
	Time (av small volume): 0.000 s
	Time (diagonal fw-nb): 	0.007 s
	Fixed mutual fw-nb:     0 (bb: 0)
	Time (fw-nb mutual): 	0.001 s
	Time (fw-nb sort): 	0.000 s
	Front spread algorithm. Partition count = 24
	Time (front spread): 0.004 s
	Fluid subdomains: 1
	Faces fw-nb diff sd:    0
	Time (fw-nb diff sd): 	0.005 s
Time (bcf calc): 		0.031 s
-----------------------------------------------------------------------
Time (bcf total): 		0.091 s
-----------------------------------------------------------------------
bcf-iterations: 1
-----------------------------------------------------------------------
-----------------------------------------------------------------------
Mega-cv constructor for fluid...
	 326 av's is treated as thin
Relative size generator (threshold = 0.05)...
	Iteration 1 (small cluster count = 1120)
	Iteration 2 (small cluster count = 362)
	Iteration 3 (small cluster count = 147)
	Iteration 4 (small cluster count = 79)
	Iteration 5 (small cluster count = 27)
	Iteration 6 (small cluster count = 4)
	Iteration 7 (small cluster count = 0)
	 1010 mega-cv's generated
	 42 mega-cv's removed
Relative size generator is completed OK (0.003 s)
Apply fa-rules to mega-cv clusters fixes...
	Fa-rule violation fixes:       34 of       34 (total cluster# =      987)
OK (0.002 s)
Convert clusters:
	 972 mega-cv's total
Mega-cv count: 972
Time (mega-cv fill): 	0.000 s
Time (mega-cv total): 	0.011 s
-----------------------------------------------------------------------
Mixing plane rotation regions: NO.
Sliding mesh rotation regions: NO.
Fluid/fluid faces: NO.
-----------------------------------------------------------------------
Memory Working Set Current = 233.20 Mb, Memory Working Set Peak = 266.78 Mb
Memory Private Bytes Current = 259.41 Mb, Memory Private Bytes Peak = 299.58 Mb
Process Threads Number: 31
-----------------------------------------------------------------------
----------------------------------------------------------
BCF --> BCF.GEOMSUBDOM (bridge arrays):
MESH (0):
	Front spread algorithm. Partition count = 24
	Time (front spread): 0.004 s
	Fluid Subdom Constructor: 1 subdom(s).
	Front spread algorithm. Partition count = 24
	Time (front spread): 0.002 s
	Solid Subdom Constructor: 1 subdom(s).
	Front spread algorithm. Partition count = 24
	Time (front spread): 0.000 s
	Net Asm Subdom Constructor: 0 subdom(s).
	GEOMSUBDOM (0): gi=0 Fluid av=212943 cv=211817 fa=624540 fw=36016 V=1.485151e-01
	Cache data...OK
	GEOMSUBDOM (1): gi=1 Solid av=10723 cv=10723 fa=26276 fw=15720 V=4.990333e-05
	Cache data...OK
	Setting nb of w-faces...OK (0.001 s).
	Correcting nb of w-faces...
	Time(correct_fw_nb)=0.001 s

MESH (0) checking:
	GEOMSUBDOM (0):fa_s=47.8531664147539288 fw_s=1.7433431596351898 fw_nb=288394
	              :d_const(159515)=8.94654e-11 d_linear(125385)=1.64419e-09
	GEOMSUBDOM (1):fa_s=0.0619371779391510 fw_s=0.0456728802196905 fw_nb=126050
	              :d_const(884)=6.24048e-10 d_linear(4908)=1.50143e-07
MESH (0) checking: OK.
Time (MDS): 	0.069 s
----------------------------------------------------------
-----------------------------------------------------------------------
Memory Working Set Current = 314.69 Mb, Memory Working Set Peak = 314.69 Mb
Memory Private Bytes Current = 355.11 Mb, Memory Private Bytes Peak = 355.11 Mb
Process Threads Number: 31
-----------------------------------------------------------------------

-----------------------------------------------------------------------
BCF CHECKSUM DATA (Mesh 0):

BRICK |Level1| Sum:               20724
FACE_A Area Sum:   G.Fluid        47.8531664147539431
FACE_A Area Sum:   G.Solid        0.0619371779391510
FACE_W Area Sum:                  1.7433431596351900
FACE_W Nb   Sum:                  288394
FACE_W min curvatures sum:        -5995240.95001465
FACE_W max curvatures sum:        788529.65516394
AV Max Disbalance(Const) :        6.24048e-10 (cid=104874, t={48, 34, 80}, avid=212946, pid=3)
AV Max Disbalance(Linear):        1.50143e-07 (cid=144877, t={49, 38, 100}, avid=219445, pid=6406)
-----------------------------------------------------------------------


-----------------------------------------------------------------------
MESHER TOPOLOGY DATA:

BRICKS: Total                 210600
BRICKS: Fluid                 209914
BRICKS: Fluid Partial         9633
BRICKS: Type 1                9633
BRICKS: Max AV number         3
BRICKS: |level1| sum          20724


AV:     G.Total               223666
AV:     G.Fluid               212943
AV:     G.Solid               10723

AV:     G.Fluid Thin Profile    0.19 % (404)
AV:     G.Solid Thin Profile   28.25 % (3029)

AV:     G.Fluid Thin For Mega   0.15 % (326)
AV:     G.Solid Thin For Mega  26.76 % (2869)

AV:     G.Fluid Non-Convex      2.09 % (4447)
AV:     G.Solid Non-Convex     33.77 % (3621)

AV:     G.Fluid Non-Ess-Convex      0.57 % (1224)
AV:     G.Solid Non-Ess-Convex     10.96 % (1175)

FACE_A: G.Fluid          (af) 624540 (partially opened 25745)
FACE_A: G.Solid          (as) 26276 (partially opened 21612)

FACE_W: G.Total                 36016       Brick/Bound
FACE_W: G.Fluid/Solid    (fs_g) 15720       0           
FACE_W: G.Fluid/Fluid    (ff_g) 0           0           
FACE_W: G.Solid/Solid    (ss_g) 0           0           
FACE_W: G.Fluid/Void     (fv_g) 0           0           
FACE_W: G.Fluid/External (fe_g) 20296
FACE_W: G.Solid/External (se_g) 0

AV/CV max fa count (on brick side):4
AV/CV max fw count:                4
AV/CV max fw poly count:           22

MEMORY: Total                   62.307 MB
MEMORY: Per Brick               0.303 KB
-----------------------------------------------------------------------

-----------------------------------------------------------------------
Connectivities information:
	Number of conns: 0
-----------------------------------------------------------------------
	Time (gap size): 	0.019 s
-----------------------------------------------------------------------
Memory Working Set Current = 313.41 Mb, Memory Working Set Peak = 314.69 Mb
Memory Private Bytes Current = 353.68 Mb, Memory Private Bytes Peak = 355.11 Mb
Process Threads Number: 31
-----------------------------------------------------------------------
-----------------------------------------------------------------------
Calculating curvature and tolerance criteria...
Curvature: min=0 (cid=0) max=3.14159 (cid=145611)
Tolerance: min=0 (cid=0) max=0.00240513 (cid=165011)
Calculating curvature and tolerance criteria takes 0.014 s
-----------------------------------------------------------------------
MESH Build(FS) finished. Time=0.471 s
-----------------------------------------------------------------------
Current CPU = 1 sec

Nx=50
Ny=52
Nz=74
Max BRICK Level=1
Mesh Level=1
-----------------CModelBodies2MeshMapper::CollectData started -------------------------------
	Time (collect mesh base data): 0.001 s.
	Time (collect model bodies mapping): 0.000 s.
	Time (collect positive bodies mapping): 0.000 s.
	Time (collect fluid bodies mapping): 0.000 s.
-----------------CModelBodies2MeshMapper Report -------------------------------
FluidDomains 1 SolidDomains 1 VoidDomains 0 
Domains RefIndexes
----------------- -------------------------------
	ModelBodies
Total resolved Bodies 0 BodySets 0

--------------------------------------------------------------------------
	Positive geometry Bodies
Total resolved Bodies 1 BodySets 1
BodySet 0
	Bodies list:
			#0	Name: ;	ID: 36a1ea0a-bc12-4510-9ea9-f17dccb2eaf1
	Domains list:mesh type	 (0, 1)		 0 


--------------------------------------------------------------------------
	Fluid regions
Total resolved Bodies 1 BodySets 1
BodySet 0	Material: Air; 
	Bodies list:
			#0	Name: ;	ID: 36a1ea0a-bc12-4510-9ea9-f17dccb2eaf1
	Domains list:mesh type	 (0, 1)		 0 


--------------------------------------------------------------------------
Collect data takes...0.002 s
-----------------CModelBodies2MeshMapper::CollectData finished successfully-------------------
Saving initial mesh in: C:\Users\M0obo\OneDrive\Desktop\RC-v1\Fuselage\Sections\1\1.fld .
Storing results...
	Estimated CPT size=24.773 MB.
Write section 436 takes 0.000 s
Write section 101 takes 0.000 s
Write section 400 takes 0.003 s
Write section 437 takes 0.002 s
Write mesh/bricks section: 0.005 s
Write section 408 takes 0.013 s
Write section 427 takes 0.002 s
Write msh format: 0.016 s
Write section 406 takes 0.004 s
Write section 405 takes 0.000 s
Write section 451 takes 0.000 s
Write section 401 takes 0.017 s
Write section 402 takes 0.010 s
Write section 407 takes 0.003 s
Write section 421 takes 0.011 s
Write section 404 takes 0.001 s
Write section 416 takes 0.001 s
Write section 411 takes 0.001 s
Write section 413 takes 0.000 s
Write section 432 takes 0.000 s
Write plain bcf: 0.048 s
Write section 448 takes 0.001 s
Write section 446 takes 0.000 s
Write section 516 takes 0.000 s
	Time (write bcf): 0.070 s
X_STACK_LIST::write_x_stack_list4: started...
X_STACK_LIST::write_x_stack_list4: finished in 0.003 s
Storing results takes 0.079 s
-----------------------------------------------------------------------
Memory Working Set Current = 336.50 Mb, Memory Working Set Peak = 337.48 Mb
Memory Private Bytes Current = 376.10 Mb, Memory Private Bytes Peak = 377.88 Mb
Process Threads Number: 31
-----------------------------------------------------------------------
Cleaning memory...
-----------------------------------------------------------------------
Start to free mesher data...
MMP (gbs): locals=3, allc_sz=59.35 MB (0.00 MB), used_sz=50.55 MB, blk_sz=(2.41 MB/9.63 MB), blks-min-max=3/6 (big 0/0)
MMP (cpt_rgs): locals=0, allc_sz=0.00 MB (0.00 MB), used_sz=0.00 MB, blk_sz=(0.00 MB/0.00 MB), blks-min-max=0/0 (big 0/0)
MMP (slv_rgs): locals=0, allc_sz=0.00 MB (0.00 MB), used_sz=0.00 MB, blk_sz=(0.00 MB/0.00 MB), blks-min-max=0/0 (big 0/0)
MMP (msh): locals=24, allc_sz=33.14 MB (0.00 MB), used_sz=24.56 MB, blk_sz=(0.03 MB/11.30 MB), blks-min-max=3/18 (big 0/0)
MMP (brx): locals=24, allc_sz=30.11 MB (0.00 MB), used_sz=28.44 MB, blk_sz=(0.09 MB/0.19 MB), blks-min-max=18/26 (big 0/0)
MMP (bcf): locals=24, allc_sz=117.81 MB (0.00 MB), used_sz=96.03 MB, blk_sz=(0.06 MB/11.24 MB), blks-min-max=6/38 (big 0/0)
MMP (xsl): locals=24, allc_sz=0.71 MB (0.00 MB), used_sz=0.46 MB, blk_sz=(0.02 MB/0.02 MB), blks-min-max=1/2 (big 0/0)
Free xsl...            OK	Time=0.000 s
Free ray collector...  OK	Time=0.000 s
Free ray intersector...OK	Time=0.000 s
Free body sets...      OK	Time=0.001 s
Free Geometry DB takes 0.000 s
Free mesh conn...      OK	Time=0.000 s
Free geomsd...         OK	Time=0.000 s
Free mbricks...        OK	Time=0.001 s
Free hash info...      OK	Time=0.001 s
Free bricks-x...       OK	Time=0.000 s
Free bcf...            OK	Time=0.005 s
Free mesh h...         OK	Time=0.000 s
Free bricks arr..      OK	Time=0.000 s
Free bricks tree...    OK	Time=0.000 s
Free mesh pools...     OK	Time=0.019 s
Free bodies mapper...  OK	Time=0.000 s
Free geom crits...     OK	Time=0.000 s
Free cpt regions...    OK	Time=0.000 s
Free peculiar surfs... OK	Time=0.000 s
Free sw-geometries...  OK	Time=0.000 s
Free mesher wrk data...OK	Time=0.002 s
Total free mesher data time: 0.031 s
-----------------------------------------------------------------------
Copying... OK
CPT size=7.012 MB (7352758 bytes).
Mesh generation normally finished at	16.4.2026	19:1:7
Mesher CPU = 1 sec
Mesher is finished at	16.4.2026	19:1:7
-----------------------------------------------------------------------
Memory Working Set Current = 81.63 Mb, Memory Working Set Peak = 337.48 Mb
Memory Private Bytes Current = 84.54 Mb, Memory Private Bytes Peak = 377.88 Mb
Process Threads Number: 31
-----------------------------------------------------------------------
Algebra Pool      : mem_usage = 4.12 Mb, allocated count = 0
-----------------------------------------------------------------------
Memory Working Set Current = 77.59 Mb, Memory Working Set Peak = 337.48 Mb
Memory Private Bytes Current = 80.47 Mb, Memory Private Bytes Peak = 377.88 Mb
Process Threads Number: 31
Process Threads Number Peak: 31
-----------------------------------------------------------------------
Log ended at 16.04.2026	19:01:07
