Log started at 02.04.2026	20:21:39
Number of used processors (NPROC): 24.
Number of mesh partitions (NPART): 24.
Total Physical Memory = 31.71 Gb, Available Physical Memory = 15.33 Gb
Computer name:	DESKTOP-QJTI7HF
Operating system:	Windows 11 (or higher) (Version 10.0.26200)

Commandline:	"c:\program files\solidworks corp\solidworks flow simulation (3)\bincfw\\efdsolver.exe" /config:"C:\Users\M0obo\OneDrive\Desktop\RC Plane v1\Concept\Propeller CFD\Parts\1\1.xmlconfig" /guid:e766ddb1-b085-4438-aa35-1f33e3bc4b2f /processors:max /m /s /prjnamelm:"Flow Simulation 2026" /prjnamehabout:"Flow Simulation 2026" /companyname:"COSMOS Applications" /prjaliasid:1002 /lang:English /port:55556

SOLIDWORKS 2026 SP0.0
Flow Simulation 2026  x64 / 6837

Project: C:\Users\M0obo\OneDrive\Desktop\RC Plane v1\Concept\Propeller CFD\Parts\1\1.xmlconfig
Configuration name: Default
Project name: Prop CFD Just prop test
Problem type: external-with-void-internal-space-type
Exclude cavities without flow conditions: ON
NGK: OFF
MBO: OFF
-----------------------------------------------------------------------
Mesher option run = eRunMesherNormal
-----------------------------------------------------------------------

Mesh generation started:	2.4.2026	20:21:39
-----------------------------------------------------------------------
Memory Working Set Current = 16.47 Mb, Memory Working Set Peak = 16.47 Mb
Memory Private Bytes Current = 11.71 Mb, Memory Private Bytes Peak = 11.71 Mb
Process Threads Number: 8
-----------------------------------------------------------------------
Mesher adjust APD = OFF; AdjustAPD_method=0; N_per_Channel = 0; N2_per_Channel = 0
Current CPU = 0 sec
-----------------------------------------------------------------------
Geometries initialization:
-----------------------------------------------------------------------
Loading mesh settings (global/local)...
-----------------------------------------------------------------------
Number of geometries from DB: 3
Number of rotation regions: 1
Geometry(0):
	Guid = {00000000-0000-0000-0000-000000000000}
	Fluid..
	1 Body.
	1 Real body.
	-- Bodyset 0 --
		Tolerance=2.05e-05.
		3 Face(s).
			3 of b-spline type.
		3 Face(s) that have no ref faces
		2 Plane surface(s).
		1 Cylinder surface(s).
		1008 Triangle(s).
		Getting triangle connectivities from DB: 0.000 s
		2 Edge(s).
			2 of b-spline type.
		BodyGeom reading: 0.002 s.
		4 Reference Face(s).
		1099 Reference Triangles.
		Getting triangle connectivities from DB (Ref): 0.000 s
		BodyGeom Ref reading: 0.001 s.
Geometry(1):
	Guid = {50a2d864-8aed-4a70-8b60-49d436eac59e}
	Fluid..
	1 Body.
	1 Real body.
	-- Bodyset 1 --
		Tolerance=2.05e-05.
		14 Face(s).
			14 of b-spline type.
		5 Face(s) that have no ref faces
		10 Plane surface(s).
		1 Cylinder surface(s).
		2 B- surface(s).
		1 Revolved surface(s).
		24360 Triangle(s).
		Getting triangle connectivities from DB: 0.001 s
		19 Edge(s).
			19 of b-spline type.
		BodyGeom reading: 0.006 s.
		8 Reference Face(s).
		24348 Reference Triangles.
		Getting triangle connectivities from DB (Ref): 0.001 s
		BodyGeom Ref reading: 0.002 s.
Geometry(2):
	Guid = {00000000-0000-0000-0000-000000000000}
	Solid..
	1 Body.
	1 Real body.
	-- Bodyset 2 --
		Tolerance=2.05e-05.
		12 Face(s).
			12 of b-spline type.
		0 Face(s) that have no ref faces
		9 Plane surface(s).
		2 B- surface(s).
		1 Revolved surface(s).
		23404 Triangle(s).
		Getting triangle connectivities from DB: 0.001 s
		17 Edge(s).
			17 of b-spline type.
		BodyGeom reading: 0.006 s.
		7 Reference Face(s).
		23484 Reference Triangles.
		Getting triangle connectivities from DB (Ref): 0.000 s
		BodyGeom Ref reading: 0.002 s.
-----------------------------------------------------------------------
Calculating t-connected sets:
BodySet (0):
		Number of t-connected sets:1 (cavity=0)
BodySet (1):
		Number of t-connected sets:2 (cavity=1)
BodySet (2):
		Number of t-connected sets:2 (cavity=1)

Calculating t-connected sets takes 0.002 s
-----------------------------------------------------------------------
Number of geometries in task: 3
	G : 0	Type: Fluid	Bodies: 1		Faces: 3		Edges: 2		Triangles: 1008
	G : 1	Type: Fluid	Bodies: 1		Faces: 14		Edges: 19		Triangles: 24360
	G : 2	Type: Solid	Bodies: 1		Faces: 12		Edges: 17		Triangles: 23404
Number of bodysets in task: 3

Bodies:     3
Faces:      29
Edges:      38
Triangles:  48772
-----------------------------------------------------------------------
BodySet (0):
	Making hash and connectivity for Bodyset ...
		CBodyGeom:
		Hashing triangles...Ok.
		Hash size: {34, 34, 36}.
		Mesh size: {34, 34, 36}.
			axis(0) tr sizes: average=21 max=266
			axis(1) tr sizes: average=22 max=267
			axis(2) tr sizes: average=15 max=504
		CBodyGeomRef:
		Hashing triangles...Ok.
		Hash size: {34, 34, 36}.
		Mesh size: {34, 34, 36}.
			axis(0) tr sizes: average=22 max=357
			axis(1) tr sizes: average=22 max=358
			axis(2) tr sizes: average=16 max=595
	0.00394 s.
BodySet (1):
	Making hash and connectivity for Bodyset ...
		CBodyGeom:
		Hashing triangles...Ok.
		Hash size: {34, 34, 36}.
		Mesh size: {34, 34, 36}.
			axis(0) tr sizes: average=25 max=3617
			axis(1) tr sizes: average=25 max=8761
			axis(2) tr sizes: average=28 max=3718
		CBodyGeomRef:
		Hashing triangles...Ok.
		Hash size: {34, 34, 36}.
		Mesh size: {34, 34, 36}.
			axis(0) tr sizes: average=54 max=541
			axis(1) tr sizes: average=53 max=1429
			axis(2) tr sizes: average=48 max=1594
	0.00651 s.
BodySet (2):
	Making hash and connectivity for Bodyset ...
		CBodyGeom:
		Hashing triangles...Ok.
		Hash size: {34, 34, 36}.
		Mesh size: {34, 34, 36}.
			axis(0) tr sizes: average=22 max=3319
			axis(1) tr sizes: average=22 max=8676
			axis(2) tr sizes: average=24 max=3498
		CBodyGeomRef:
		Hashing triangles...Ok.
		Hash size: {34, 34, 36}.
		Mesh size: {34, 34, 36}.
			axis(0) tr sizes: average=119 max=527
			axis(1) tr sizes: average=87 max=531
			axis(2) tr sizes: average=81 max=939
	0.00546 s.
Geometries reading and preparing has taken 0.037 s.
-----------------------------------------------------------------------
Mapped triangles:
Hashing rough geometry(bodies) triangulation:
BodySet (0):
	Triangles num=1008
	Triangles box={-0.129997 ,0.129997 ,-0.13 ,0.13 ,-1.80809e-17 ,0.045}
		3d-hash size is 192624 bytes
BodySet (1):
	Triangles num=24360
	Triangles box={-0.475706 ,0.475706 ,-0.569088 ,0.569088 ,-0.44567 ,0.48667}
		3d-hash size is 299216 bytes
BodySet (2):
	Triangles num=23404
	Triangles box={-0.475706 ,0.475706 ,-0.569088 ,0.569088 ,-0.44567 ,0.48667}
		3d-hash size is 271740 bytes

MMP (mapped_tr): locals=9, allc_sz=6.04 MB (0.00 MB), used_sz=5.43 MB, blk_sz=(0.03 MB/0.42 MB), blks-min-max=3/14 (big 0/0)
Free work mem pool...OK (0.001 s)
Mapped triangles processed in 0.008 s.
-----------------------------------------------------------------------
-----------------------------------------------------------------------
Getting sectors:
Number of sectors: 0
-----------------------------------------------------------------------
Current CPU = 0 sec
-----------------------------------------------------------------------
Memory Working Set Current = 50.03 Mb, Memory Working Set Peak = 60.86 Mb
Memory Private Bytes Current = 56.49 Mb, Memory Private Bytes Peak = 67.12 Mb
Process Threads Number: 31
-----------------------------------------------------------------------
-----------------------------------------------------------------------
Checking faces on CD...
FCD = [0 0 0 0 0 0]
FCD_conflicts = 0
Time (check faces on CD)=0.000 s
-----------------------------------------------------------------------

-----------------------------------------------------------------------
Mesh dimensions:
				I[0 ]=34
				I[1 ]=34
				I[2 ]=36

Comp. domain size:
				a[0  ]=-0.474756
				a[1  ]=0.474756
				a[2  ]=-0.567953
				a[3  ]=0.567953
				a[4  ]=-0.444739
				a[5  ]=0.485739

Fluid calculated			1
Solid calculated			0
-----------------------------------------------------------------------
MESH Build started...
-----------------------------------------------------------------------
Mesh LEVEL = 2
-----------------------------------------------------------------------
-----------------------------------------------------------------------
CPT-mode xeps:
	D / dh / eps [axis=0] = (0.949512, 0.00477187, 4.77187e-06)
	D / dh / eps [axis=1] = (1.13591, 0.00603721, 6.03721e-06)
	D / dh / eps [axis=2] = (0.930479, 0.00429304, 4.29304e-06)
-----------------------------------------------------------------------
Initial allocation and brick-body-box intersection...OK (0.001 s)
Initial triangle brick intersection...OK (0.000 s)
Setting regions (41616 / 41616)...OK (0.000 s)
-----------------------------------------------------------------------
Base mesh info:
	3D task
	Nx=34
	Ny=34
	Nz=36
	N(Nx*Ny*Nz) = 1156
	Period    axis=[0, 0, 0]
	Symmetry  ni=[0 0 0 0 0 0]
	ZoomingBC ni=[0 0 0 0 0 0]
	Nx=34
		x[0]=-0.474756
		x[1]=-0.436027
		x[2]=-0.399093
		x[3]=-0.36386
		x[4]=-0.330249
		x[5]=-0.298186
		x[6]=-0.267598
		x[7]=-0.23842
		x[8]=-0.210584
		x[9]=-0.184031
		x[10]=-0.1587
		x[11]=-0.134535
		x[12]=-0.111483
		x[13]=-0.0894919
		x[14]=-0.0685137
		x[15]=-0.0485013
		x[16]=-0.0294104
		x[17]=9.23955e-06
		x[18]=0.0294256
		x[19]=0.0485131
		x[20]=0.0685256
		x[21]=0.0895041
		x[22]=0.111495
		x[23]=0.134548
		x[24]=0.158713
		x[25]=0.184045
		x[26]=0.210599
		x[27]=0.238435
		x[28]=0.267615
		x[29]=0.298203
		x[30]=0.330268
		x[31]=0.36388
		x[32]=0.399115
		x[33]=0.43605
		x[34]=0.474756
	Ny=34
		y[0]=-0.567953
		y[1]=-0.519281
		y[2]=-0.473058
		y[3]=-0.429149
		y[4]=-0.387437
		y[5]=-0.347812
		y[6]=-0.310171
		y[7]=-0.274413
		y[8]=-0.240445
		y[9]=-0.208177
		y[10]=-0.177523
		y[11]=-0.148404
		y[12]=-0.120742
		y[13]=-0.0965927
		y[14]=-0.0724429
		y[15]=-0.048293
		y[16]=-0.0241432
		y[17]=6.56281e-06
		y[18]=0.0241564
		y[19]=0.0483062
		y[20]=0.072456
		y[21]=0.0966058
		y[22]=0.120756
		y[23]=0.148421
		y[24]=0.177543
		y[25]=0.208198
		y[26]=0.240468
		y[27]=0.274438
		y[28]=0.310197
		y[29]=0.34784
		y[30]=0.387465
		y[31]=0.429178
		y[32]=0.473087
		y[33]=0.519309
		y[34]=0.567953
	Nz=36
		z[0]=-0.444739
		z[1]=-0.407037
		z[2]=-0.371152
		z[3]=-0.336987
		z[4]=-0.30446
		z[5]=-0.273493
		z[6]=-0.244011
		z[7]=-0.215942
		z[8]=-0.18922
		z[9]=-0.163778
		z[10]=-0.139557
		z[11]=-0.116496
		z[12]=-0.0945419
		z[13]=-0.0736401
		z[14]=-0.0537406
		z[15]=-0.0347952
		z[16]=-0.0167582
		z[17]=0.000413953
		z[18]=0.0205046
		z[19]=0.0405946
		z[20]=0.0577668
		z[21]=0.0758046
		z[22]=0.0947509
		z[23]=0.114651
		z[24]=0.135554
		z[25]=0.157509
		z[26]=0.18057
		z[27]=0.204792
		z[28]=0.230234
		z[29]=0.256958
		z[30]=0.285027
		z[31]=0.31451
		z[32]=0.345477
		z[33]=0.378004
		z[34]=0.412169
		z[35]=0.448055
		z[36]=0.485739
-----------------------------------------------------------------------
Input_mesh_settings--------------------------------
Settings 0----------------
	Scope: GLOBAL
	Type:	------MESHER_SETTINGS----------
	RefAllCells           =0
	RefFluidCells         =0
	RefPartCells          =0
	RefSolidCells         =0
	l_SSFR(Capture crit)  =1
	l_curv(Curvature crit)=0
	l_tol(Tolerance crit) =1
	  k_tol               =0.01025
	UseChannelRef         =1
	  NCR_method          =0
	  l_NCR               =2
	  N_gap               =5
	  Use d_NCR_min       =0
	  Use d_NCR_max       =0
	CloseThinSlotsHeight         =0
	--END_OF_MESHER_SETTINGS-------
End of input mesh settings-------------------------
-----------------------------------------------------------------------
Memory Working Set Current = 58.69 Mb, Memory Working Set Peak = 60.86 Mb
Memory Private Bytes Current = 66.95 Mb, Memory Private Bytes Peak = 67.12 Mb
Process Threads Number: 31
-----------------------------------------------------------------------
MMP (gbs): locals=8, allc_sz=34.05 MB (0.00 MB), used_sz=27.10 MB, blk_sz=(0.12 MB/3.94 MB), blks-min-max=2/16 (big 0/0)
MMP (cpt_rgs): locals=0, allc_sz=0.00 MB (0.00 MB), used_sz=0.00 MB, blk_sz=(0.00 MB/0.00 MB), blks-min-max=0/0 (big 0/0)
MMP (slv_rgs): locals=0, allc_sz=0.00 MB (0.00 MB), used_sz=0.00 MB, blk_sz=(0.00 MB/0.00 MB), blks-min-max=0/0 (big 0/0)
MMP (msh): locals=24, allc_sz=7.18 MB (0.00 MB), used_sz=4.77 MB, blk_sz=(0.02 MB/2.44 MB), blks-min-max=1/12 (big 0/0)
MMP (brx): locals=24, allc_sz=3.67 MB (0.00 MB), used_sz=3.18 MB, blk_sz=(0.02 MB/0.04 MB), blks-min-max=2/10 (big 0/0)
MMP (bcf): locals=0, allc_sz=0.00 MB (0.00 MB), used_sz=0.00 MB, blk_sz=(0.00 MB/0.00 MB), blks-min-max=0/0 (big 0/0)
MMP (xsl): locals=1, allc_sz=0.02 MB (0.00 MB), used_sz=0.00 MB, blk_sz=(0.02 MB/0.02 MB), blks-min-max=1/1 (big 0/0)
NxNyNz = [34, 34, 36]
base_dx=0.0290608; 
NxNyNz_reverse = [33, 39, 32]

-----------------------------------------------------------------------
Refining geometries:
-----------------------------------------------------------------------

-----------------------------------------------------------------------
Refining by triangulation...
Refinement input: 41616 bricks
	Checking crit (41616 / 41616)...24 marked (0.013 s)
	Time(refinement): 0.000 s
Setting regions (192 / 41784)...OK (0.000 s)
	Checking crit (192 / 41784)...48 marked (0.002 s)
	Time(refinement): 0.000 s
Setting regions (640 / 42344)...OK (0.000 s)
	Checking crit (256 / 42344)...0 marked (0.000 s)
Refinement result (2 iterations): 42344 bricks (0.017 s)
Refinement input: 42344 bricks
	Checking crit (41960 / 42344)...2 marked (0.000 s)
	Time(refinement): 0.000 s
Setting regions (32 / 42372)...OK (0.000 s)
	Checking crit (16 / 42372)...0 marked (0.000 s)
Refinement result (1 iterations): 42372 bricks (0.001 s)
Collecting and processing rays:
	Adding rays...OK (0.001 s)
	Adding flags...OK (0.000 s)
	new bricks = 42372 / 42372
	new rays   = 4360 (x=1479, y=1364, z=1517)
	Processing rays...
		Rays process: Total time: 0.212, count: 3, Average time: 0.071, Maximum time: 0.073
		Sort xstacks: Total time: 0.001, count: 3, Average time: 0.000, Maximum time: 0.000
		Put xstacks:  Total time: 0.001, count: 3, Average time: 0.000, Maximum time: 0.001
		Total:         0.074 s
	Correcting rays...
		Lame vertices: Total time: 0.008, count: 3, Average time: 0.003, Maximum time: 0.003
		Bad rays:      No data
		Emit rays:     No data
		Correct ray f: No data
		Undef:         Total time: 0.000, count: 3, Average time: 0.000, Maximum time: 0.000
		Sum:           Total time: 0.008, count: 3, Average time: 0.003, Maximum time: 0.003
		Total:         0.003 s
	Time (rays): 0.079 s
	Calls                9564
	CorrectRay Calls     0
Capturing (42372 / 42372)...
Capturing takes (0.002 s)
Refining by triangulation takes 0.1 s
-----------------------------------------------------------------------

-----------------------------------------------------------------------
Refining 0 peculiar surfaces...
Collecting and processing rays:
	Adding rays...OK (0.001 s)
	Adding flags...OK (0.000 s)
	new bricks = 0 / 42372
	new rays   = 0 (x=0, y=0, z=0)
	Processing rays...
		Rays process: Total time: 0.000, count: 3, Average time: 0.000, Maximum time: 0.000
		Sort xstacks: Total time: 0.000, count: 3, Average time: 0.000, Maximum time: 0.000
		Put xstacks:  Total time: 0.000, count: 3, Average time: 0.000, Maximum time: 0.000
		Total:         0.000 s
	Correcting rays...
		Total:         0.000 s
	Time (rays): 0.001 s
	Calls                0
	CorrectRay Calls     0
Capturing (0 / 42372)...
Capturing takes (0.000 s)
0 surfaces refined
Refining peculiar surfaces takes 0.002 s
-----------------------------------------------------------------------

-----------------------------------------------------------------------
Base mesh 1 Refining...
Collecting and processing rays:
	Adding rays...OK (0.000 s)
	Adding flags...OK (0.000 s)
	new bricks = 0 / 42372
	new rays   = 0 (x=0, y=0, z=0)
	Processing rays...
		Rays process: Total time: 0.000, count: 3, Average time: 0.000, Maximum time: 0.000
		Sort xstacks: Total time: 0.000, count: 3, Average time: 0.000, Maximum time: 0.000
		Put xstacks:  Total time: 0.000, count: 3, Average time: 0.000, Maximum time: 0.000
		Total:         0.000 s
	Correcting rays...
		Total:         0.000 s
	Time (rays): 0.000 s
	Calls                0
	CorrectRay Calls     0
Capturing (0 / 42372)...
Capturing takes (0.000 s)
Refinement input: 42372 bricks
	Checking crit (41972 / 42372)...0 marked (0.000 s)
Refinement result (0 iterations): 42372 bricks (0.000 s)
-----------------------------------------------------------------------
Refining channels...
FYI: CNarrowChannelRefiner::RefineChannels_PRLL
FYI: m_iteration_count = 0
Level1 statistics:
     level1_cnt_plus[1]=0;		level1_cnt_minus[1]=0
     level1_cnt_plus[2]=0;		level1_cnt_minus[2]=0
     level1_cnt_plus[3]=0;		level1_cnt_minus[3]=0
     level1_cnt_plus[4]=0;		level1_cnt_minus[4]=0
     level1_cnt_plus[5]=0;		level1_cnt_minus[5]=0
     level1_cnt_plus[6]=0;		level1_cnt_minus[6]=0
     level1_cnt_plus[7]=0;		level1_cnt_minus[7]=0
     level1_cnt_plus[8]=0;		level1_cnt_minus[8]=0
     level1_cnt_plus[9]=0;		level1_cnt_minus[9]=0
FYI: m_iteration_count = 1
Level1 statistics:
     level1_cnt_plus[1]=0;		level1_cnt_minus[1]=0
     level1_cnt_plus[2]=0;		level1_cnt_minus[2]=0
     level1_cnt_plus[3]=0;		level1_cnt_minus[3]=0
     level1_cnt_plus[4]=0;		level1_cnt_minus[4]=0
     level1_cnt_plus[5]=0;		level1_cnt_minus[5]=0
     level1_cnt_plus[6]=0;		level1_cnt_minus[6]=0
     level1_cnt_plus[7]=0;		level1_cnt_minus[7]=0
     level1_cnt_plus[8]=0;		level1_cnt_minus[8]=0
     level1_cnt_plus[9]=0;		level1_cnt_minus[9]=0
Level1 statistics:
     level1_cnt_plus[1]=0;		level1_cnt_minus[1]=0
     level1_cnt_plus[2]=0;		level1_cnt_minus[2]=0
     level1_cnt_plus[3]=0;		level1_cnt_minus[3]=0
     level1_cnt_plus[4]=0;		level1_cnt_minus[4]=0
     level1_cnt_plus[5]=0;		level1_cnt_minus[5]=0
     level1_cnt_plus[6]=0;		level1_cnt_minus[6]=0
     level1_cnt_plus[7]=0;		level1_cnt_minus[7]=0
     level1_cnt_plus[8]=0;		level1_cnt_minus[8]=0
     level1_cnt_plus[9]=0;		level1_cnt_minus[9]=0
Refining channels...
FYI: CNarrowChannelRefiner::RefineChannels_PRLL
Refinement input: 42372 bricks
	Time(refinement): 0.000 s
Setting regions (3760 / 45662)...OK (0.000 s)
Refinement result (1 iterations): 45662 bricks (0.001 s)
Collecting and processing rays:
	Adding rays...OK (0.000 s)
	Adding flags...OK (0.000 s)
	new bricks = 3760 / 45662
	new rays   = 587 (x=135, y=150, z=302)
	Processing rays...
		Rays process: Total time: 0.002, count: 3, Average time: 0.001, Maximum time: 0.001
		Sort xstacks: Total time: 0.000, count: 3, Average time: 0.000, Maximum time: 0.000
		Put xstacks:  Total time: 0.000, count: 3, Average time: 0.000, Maximum time: 0.000
		Total:         0.001 s
	Correcting rays...
		Lame vertices: Total time: 0.001, count: 3, Average time: 0.000, Maximum time: 0.000
		Bad rays:      No data
		Emit rays:     No data
		Correct ray f: No data
		Undef:         Total time: 0.000, count: 3, Average time: 0.000, Maximum time: 0.000
		Sum:           Total time: 0.001, count: 3, Average time: 0.000, Maximum time: 0.000
		Total:         0.001 s
	Time (rays): 0.002 s
	Calls                1761
	CorrectRay Calls     0
Capturing (3760 / 45662)...
Capturing takes (0.001 s)
FYI: m_iteration_count = 0
Level1 statistics:
     level1_cnt_plus[1]=3760;		level1_cnt_minus[1]=0
     level1_cnt_plus[2]=0;		level1_cnt_minus[2]=0
     level1_cnt_plus[3]=0;		level1_cnt_minus[3]=0
     level1_cnt_plus[4]=0;		level1_cnt_minus[4]=0
     level1_cnt_plus[5]=0;		level1_cnt_minus[5]=0
     level1_cnt_plus[6]=0;		level1_cnt_minus[6]=0
     level1_cnt_plus[7]=0;		level1_cnt_minus[7]=0
     level1_cnt_plus[8]=0;		level1_cnt_minus[8]=0
     level1_cnt_plus[9]=0;		level1_cnt_minus[9]=0
Refinement input: 45662 bricks
	Time(refinement): 0.000 s
Setting regions (128 / 45774)...OK (0.000 s)
Refinement result (1 iterations): 45774 bricks (0.001 s)
Collecting and processing rays:
	Adding rays...OK (0.000 s)
	Adding flags...OK (0.000 s)
	new bricks = 128 / 45774
	new rays   = 11 (x=5, y=6, z=0)
	Processing rays...
		Rays process: Total time: 0.000, count: 3, Average time: 0.000, Maximum time: 0.000
		Sort xstacks: Total time: 0.000, count: 3, Average time: 0.000, Maximum time: 0.000
		Put xstacks:  Total time: 0.000, count: 3, Average time: 0.000, Maximum time: 0.000
		Total:         0.000 s
	Correcting rays...
		Lame vertices: Total time: 0.000, count: 3, Average time: 0.000, Maximum time: 0.000
		Bad rays:      No data
		Emit rays:     No data
		Correct ray f: No data
		Undef:         Total time: 0.000, count: 3, Average time: 0.000, Maximum time: 0.000
		Sum:           Total time: 0.000, count: 3, Average time: 0.000, Maximum time: 0.000
		Total:         0.000 s
	Time (rays): 0.001 s
	Calls                33
	CorrectRay Calls     0
Capturing (128 / 45774)...
Capturing takes (0.000 s)
FYI: m_iteration_count = 1
Level1 statistics:
     level1_cnt_plus[1]=3888;		level1_cnt_minus[1]=0
     level1_cnt_plus[2]=0;		level1_cnt_minus[2]=0
     level1_cnt_plus[3]=0;		level1_cnt_minus[3]=0
     level1_cnt_plus[4]=0;		level1_cnt_minus[4]=0
     level1_cnt_plus[5]=0;		level1_cnt_minus[5]=0
     level1_cnt_plus[6]=0;		level1_cnt_minus[6]=0
     level1_cnt_plus[7]=0;		level1_cnt_minus[7]=0
     level1_cnt_plus[8]=0;		level1_cnt_minus[8]=0
     level1_cnt_plus[9]=0;		level1_cnt_minus[9]=0
FYI: m_iteration_count = 2
Level1 statistics:
     level1_cnt_plus[1]=3888;		level1_cnt_minus[1]=0
     level1_cnt_plus[2]=0;		level1_cnt_minus[2]=0
     level1_cnt_plus[3]=0;		level1_cnt_minus[3]=0
     level1_cnt_plus[4]=0;		level1_cnt_minus[4]=0
     level1_cnt_plus[5]=0;		level1_cnt_minus[5]=0
     level1_cnt_plus[6]=0;		level1_cnt_minus[6]=0
     level1_cnt_plus[7]=0;		level1_cnt_minus[7]=0
     level1_cnt_plus[8]=0;		level1_cnt_minus[8]=0
     level1_cnt_plus[9]=0;		level1_cnt_minus[9]=0
Refinement input: 45774 bricks
	Time(refinement): 0.000 s
Setting regions (8680 / 53369)...OK (0.000 s)
Refinement result (1 iterations): 53369 bricks (0.001 s)
Collecting and processing rays:
	Adding rays...OK (0.000 s)
	Adding flags...OK (0.000 s)
	new bricks = 8680 / 53369
	new rays   = 1701 (x=254, y=253, z=1194)
	Processing rays...
		Rays process: Total time: 0.002, count: 3, Average time: 0.001, Maximum time: 0.001
		Sort xstacks: Total time: 0.000, count: 3, Average time: 0.000, Maximum time: 0.000
		Put xstacks:  Total time: 0.001, count: 3, Average time: 0.000, Maximum time: 0.000
		Total:         0.002 s
	Correcting rays...
		Lame vertices: Total time: 0.002, count: 3, Average time: 0.001, Maximum time: 0.001
		Bad rays:      No data
		Emit rays:     No data
		Correct ray f: No data
		Undef:         Total time: 0.000, count: 3, Average time: 0.000, Maximum time: 0.000
		Sum:           Total time: 0.002, count: 3, Average time: 0.001, Maximum time: 0.001
		Total:         0.001 s
	Time (rays): 0.003 s
	Calls                5061
	CorrectRay Calls     0
Capturing (8680 / 53369)...
Capturing takes (0.001 s)
FYI: m_iteration_count = 3
Level1 statistics:
     level1_cnt_plus[1]=4297;		level1_cnt_minus[1]=0
     level1_cnt_plus[2]=7352;		level1_cnt_minus[2]=0
     level1_cnt_plus[3]=0;		level1_cnt_minus[3]=0
     level1_cnt_plus[4]=0;		level1_cnt_minus[4]=0
     level1_cnt_plus[5]=0;		level1_cnt_minus[5]=0
     level1_cnt_plus[6]=0;		level1_cnt_minus[6]=0
     level1_cnt_plus[7]=0;		level1_cnt_minus[7]=0
     level1_cnt_plus[8]=0;		level1_cnt_minus[8]=0
     level1_cnt_plus[9]=0;		level1_cnt_minus[9]=0
Refinement input: 53369 bricks
	Time(refinement): 0.000 s
Setting regions (120 / 53474)...OK (0.000 s)
Refinement result (1 iterations): 53474 bricks (0.001 s)
Collecting and processing rays:
	Adding rays...OK (0.000 s)
	Adding flags...OK (0.000 s)
	new bricks = 120 / 53474
	new rays   = 14 (x=6, y=8, z=0)
	Processing rays...
		Rays process: Total time: 0.000, count: 3, Average time: 0.000, Maximum time: 0.000
		Sort xstacks: Total time: 0.000, count: 3, Average time: 0.000, Maximum time: 0.000
		Put xstacks:  Total time: 0.000, count: 3, Average time: 0.000, Maximum time: 0.000
		Total:         0.000 s
	Correcting rays...
		Lame vertices: Total time: 0.000, count: 3, Average time: 0.000, Maximum time: 0.000
		Bad rays:      No data
		Emit rays:     No data
		Correct ray f: No data
		Undef:         Total time: 0.000, count: 3, Average time: 0.000, Maximum time: 0.000
		Sum:           Total time: 0.000, count: 3, Average time: 0.000, Maximum time: 0.000
		Total:         0.000 s
	Time (rays): 0.001 s
	Calls                42
	CorrectRay Calls     0
Capturing (120 / 53474)...
Capturing takes (0.000 s)
FYI: m_iteration_count = 4
Level1 statistics:
     level1_cnt_plus[1]=4300;		level1_cnt_minus[1]=0
     level1_cnt_plus[2]=7456;		level1_cnt_minus[2]=0
     level1_cnt_plus[3]=0;		level1_cnt_minus[3]=0
     level1_cnt_plus[4]=0;		level1_cnt_minus[4]=0
     level1_cnt_plus[5]=0;		level1_cnt_minus[5]=0
     level1_cnt_plus[6]=0;		level1_cnt_minus[6]=0
     level1_cnt_plus[7]=0;		level1_cnt_minus[7]=0
     level1_cnt_plus[8]=0;		level1_cnt_minus[8]=0
     level1_cnt_plus[9]=0;		level1_cnt_minus[9]=0
Refinement input: 53474 bricks
	Time(refinement): 0.000 s
Setting regions (16 / 53488)...OK (0.000 s)
Refinement result (1 iterations): 53488 bricks (0.001 s)
Collecting and processing rays:
	Adding rays...OK (0.000 s)
	Adding flags...OK (0.000 s)
	new bricks = 16 / 53488
	new rays   = 0 (x=0, y=0, z=0)
	Processing rays...
		Rays process: Total time: 0.000, count: 3, Average time: 0.000, Maximum time: 0.000
		Sort xstacks: Total time: 0.000, count: 3, Average time: 0.000, Maximum time: 0.000
		Put xstacks:  Total time: 0.000, count: 3, Average time: 0.000, Maximum time: 0.000
		Total:         0.000 s
	Correcting rays...
		Total:         0.000 s
	Time (rays): 0.001 s
	Calls                0
	CorrectRay Calls     0
Capturing (16 / 53488)...
Capturing takes (0.000 s)
FYI: m_iteration_count = 5
Level1 statistics:
     level1_cnt_plus[1]=4298;		level1_cnt_minus[1]=0
     level1_cnt_plus[2]=7472;		level1_cnt_minus[2]=0
     level1_cnt_plus[3]=0;		level1_cnt_minus[3]=0
     level1_cnt_plus[4]=0;		level1_cnt_minus[4]=0
     level1_cnt_plus[5]=0;		level1_cnt_minus[5]=0
     level1_cnt_plus[6]=0;		level1_cnt_minus[6]=0
     level1_cnt_plus[7]=0;		level1_cnt_minus[7]=0
     level1_cnt_plus[8]=0;		level1_cnt_minus[8]=0
     level1_cnt_plus[9]=0;		level1_cnt_minus[9]=0
FYI: m_iteration_count = 6
Level1 statistics:
     level1_cnt_plus[1]=4298;		level1_cnt_minus[1]=0
     level1_cnt_plus[2]=7472;		level1_cnt_minus[2]=0
     level1_cnt_plus[3]=0;		level1_cnt_minus[3]=0
     level1_cnt_plus[4]=0;		level1_cnt_minus[4]=0
     level1_cnt_plus[5]=0;		level1_cnt_minus[5]=0
     level1_cnt_plus[6]=0;		level1_cnt_minus[6]=0
     level1_cnt_plus[7]=0;		level1_cnt_minus[7]=0
     level1_cnt_plus[8]=0;		level1_cnt_minus[8]=0
     level1_cnt_plus[9]=0;		level1_cnt_minus[9]=0
Level1 statistics:
     level1_cnt_plus[1]=4298;		level1_cnt_minus[1]=0
     level1_cnt_plus[2]=7472;		level1_cnt_minus[2]=0
     level1_cnt_plus[3]=0;		level1_cnt_minus[3]=0
     level1_cnt_plus[4]=0;		level1_cnt_minus[4]=0
     level1_cnt_plus[5]=0;		level1_cnt_minus[5]=0
     level1_cnt_plus[6]=0;		level1_cnt_minus[6]=0
     level1_cnt_plus[7]=0;		level1_cnt_minus[7]=0
     level1_cnt_plus[8]=0;		level1_cnt_minus[8]=0
     level1_cnt_plus[9]=0;		level1_cnt_minus[9]=0

-----------------------------------------------------------------------
U-shapes refinement...
Refinement input: 53488 bricks
	Checking crit (44096 / 53488)...0 marked (0.001 s)
Refinement result (0 iterations): 53488 bricks (0.001 s)
Collecting and processing rays:
	Adding rays...OK (0.000 s)
	Adding flags...OK (0.000 s)
	new bricks = 0 / 53488
	new rays   = 0 (x=0, y=0, z=0)
	Processing rays...
		Rays process: Total time: 0.000, count: 3, Average time: 0.000, Maximum time: 0.000
		Sort xstacks: Total time: 0.000, count: 3, Average time: 0.000, Maximum time: 0.000
		Put xstacks:  Total time: 0.000, count: 3, Average time: 0.000, Maximum time: 0.000
		Total:         0.000 s
	Correcting rays...
		Total:         0.000 s
	Time (rays): 0.001 s
	Calls                0
	CorrectRay Calls     0
Capturing (0 / 53488)...
Capturing takes (0.000 s)
-----------------------------------------------------------------------
-----------------------------------------------------------------------
Equi Distant Refiner Objects:
-----------------------------------------------------------------------
-----------------------------------------------------------------------
Equi Distant Refiner:
Equi Distant Refiner takes 0.00 s
-----------------------------------------------------------------------
	Calls                0
	CorrectRay Calls     0

-----------------------------------------------------------------------
Refining geometries takes 0.142 s
-----------------------------------------------------------------------
-----------------------------------------------------------------------
Memory Working Set Current = 102.37 Mb, Memory Working Set Peak = 102.37 Mb
Memory Private Bytes Current = 114.47 Mb, Memory Private Bytes Peak = 114.47 Mb
Process Threads Number: 31
-----------------------------------------------------------------------
Defect ray count	0
-----------------------------------------------------------------------
CNarrowChannelRefiner::RedistributeLevel1_step_1_new: started...
	PrePass:                     19242
	Distribute level_1 on level = 0
	Front spread algorithm. Partition count = 24
	Time (front spread): 0.000 s
	Groups count = 0
	Changed level 1 count = 0
	Distribute level_1 on level = 1
	Front spread algorithm. Partition count = 24
	Time (front spread): 0.001 s
	Groups count = 1
	Changed level 1 count = 0
	Distribute level_1 on level = 2
	Front spread algorithm. Partition count = 24
	Time (front spread): 0.000 s
	Groups count = 1
	Changed level 1 count = 752
	AfterPass:                   19994
CNarrowChannelRefiner::RedistributeLevel1_step_1_new: finished in 0.002 s
Level1 statistics:
     level1_cnt_plus[1]=3546;		level1_cnt_minus[1]=0
     level1_cnt_plus[2]=8224;		level1_cnt_minus[2]=0
     level1_cnt_plus[3]=0;		level1_cnt_minus[3]=0
     level1_cnt_plus[4]=0;		level1_cnt_minus[4]=0
     level1_cnt_plus[5]=0;		level1_cnt_minus[5]=0
     level1_cnt_plus[6]=0;		level1_cnt_minus[6]=0
     level1_cnt_plus[7]=0;		level1_cnt_minus[7]=0
     level1_cnt_plus[8]=0;		level1_cnt_minus[8]=0
     level1_cnt_plus[9]=0;		level1_cnt_minus[9]=0
CNarrowChannelRefiner::RedistributeLevel1_step_2: started...
	PrePass(step2):                     19994
	Brick chains count: 0
	Level 1 changed: 0 / 53488
	Sum (level 1 changed): 0
	AfterPass(step2):                   19994
CNarrowChannelRefiner::RedistributeLevel1_step_2: finished in 0.002 s
Level1 statistics:
     level1_cnt_plus[1]=3546;		level1_cnt_minus[1]=0
     level1_cnt_plus[2]=8224;		level1_cnt_minus[2]=0
     level1_cnt_plus[3]=0;		level1_cnt_minus[3]=0
     level1_cnt_plus[4]=0;		level1_cnt_minus[4]=0
     level1_cnt_plus[5]=0;		level1_cnt_minus[5]=0
     level1_cnt_plus[6]=0;		level1_cnt_minus[6]=0
     level1_cnt_plus[7]=0;		level1_cnt_minus[7]=0
     level1_cnt_plus[8]=0;		level1_cnt_minus[8]=0
     level1_cnt_plus[9]=0;		level1_cnt_minus[9]=0
CNarrowChannelRefiner::RedistributeLevel1_step_3_new: started...
	PrePass(step3):                     19994
	Distribute level_1 on level = 0
	Front spread algorithm. Partition count = 24
	Time (front spread): 0.001 s
	Groups count = 1
	Changed level 1 count = 0
	Distribute level_1 on level = 1
	Front spread algorithm. Partition count = 24
	Time (front spread): 0.000 s
	Groups count = 1
	Changed level 1 count = 126
	Distribute level_1 on level = 2
	Front spread algorithm. Partition count = 24
	Time (front spread): 0.000 s
	Groups count = 2
	Changed level 1 count = 28
	AfterPass(step3):                   20176
CNarrowChannelRefiner::RedistributeLevel1_step_3_new: finished in 0.002 s
Level1 statistics:
     level1_cnt_plus[1]=3546;		level1_cnt_minus[1]=126
     level1_cnt_plus[2]=8224;		level1_cnt_minus[2]=28
     level1_cnt_plus[3]=0;		level1_cnt_minus[3]=0
     level1_cnt_plus[4]=0;		level1_cnt_minus[4]=0
     level1_cnt_plus[5]=0;		level1_cnt_minus[5]=0
     level1_cnt_plus[6]=0;		level1_cnt_minus[6]=0
     level1_cnt_plus[7]=0;		level1_cnt_minus[7]=0
     level1_cnt_plus[8]=0;		level1_cnt_minus[8]=0
     level1_cnt_plus[9]=0;		level1_cnt_minus[9]=0
MMP (ncr): locals=24, allc_sz=13.69 MB (0.00 MB), used_sz=12.76 MB, blk_sz=(0.05 MB/0.09 MB), blks-min-max=12/18 (big 0/0)
-----------------------------------------------------------------------
MSH format builder (Iteration 0)
-----------------------------------------------------------------------
Memory Working Set Current = 92.33 Mb, Memory Working Set Peak = 105.23 Mb
Memory Private Bytes Current = 112.07 Mb, Memory Private Bytes Peak = 117.98 Mb
Process Threads Number: 31
-----------------------------------------------------------------------
Total bricks count: 53488
-----------------------------------------------------------------------
MSH (Real Geometry) format constructor:
	Geom    Count = 3
	Bodyset Count = 3
	3D task
	Getting parser brick sets...OK (0.002 s)

	Min x-stack xeps = 8.39338e-05
	D / dh / eps [axis=0] = (0.949512, 0.00477187, 4.77187e-06)
	D / dh / eps [axis=1] = (1.13591, 0.00603721, 6.03721e-06)
	D / dh / eps [axis=2] = (0.930479, 0.00429304, 4.29304e-06)
	Time (xeps): 0.000 s
Level 2
	Set (0)  size: 4696
	Set (0)  time: 0.006 s
	Set (1)  size: 4696
	Set (1)  time: 0.003 s
Level 1
	Set (0)  size: 1500
	Set (0)  time: 0.001 s
	Set (1)  size: 1502
	Set (1)  time: 0.001 s
Level 0
	Set (0)  size: 20548
	Set (0)  time: 0.002 s
	Set (1)  size: 20546
	Set (1)  time: 0.002 s

	Spread npq bricks...2 marked (0.000 s)

Result:
	Bricks number:                        53488

	Memory usage:                         2.843 MB
	Memory usage (per brick):             0.054 KB
	Construction time:                    0.017 s

	Topology features:
	------------------
	- High quality bricks                  100.00 % (53486)
	- Medium quality bricks                  0.00 % (2)
	- Bad quality bricks                     0.00 % (0)
	- NPQ bricks                             0.02 % (10)
	- Type-1 bricks                          8.20 % (4384)
	- Ribs corrected bricks                  0.00 % (0)
	- Points with geom-info (bricks)         0.00 % (2)
	- Points with closest-info (bricks)      0.00 % (0)
	- Triangulated by center (bricks)        0.01 % (6)
	- Facet w-faces mergings (bricks)        0.00 % (0)
	- To refine (bricks)                     0.00 % (0)
	- Points-count                           0.00 % (0)
	- T-self-intersection-all (bricks)       0.00 % (0)
	- T-self-intersection-simple (bricks)    0.00 % (0)
	- T-self-intersection-complex (bricks)   0.00 % (0)
	- NPQ by reason 1 u-shape                0.01 % (4)
	- NPQ by reason 2 tri-by-ctr             0.01 % (4)
	- NPQ by reason 3 ray-correction         0.00 % (0)
	- NPQ by reason 4 t-self-intersection    0.00 % (0)
	- NPQ by reason 5 non-good               0.00 % (2)
	- NPQ by reason 6 npq-worker             0.00 % (0)

-----------------------------------------------------------------------
Memory Working Set Current = 104.93 Mb, Memory Working Set Peak = 105.23 Mb
Memory Private Bytes Current = 117.09 Mb, Memory Private Bytes Peak = 117.98 Mb
Process Threads Number: 31
-----------------------------------------------------------------------
-----------------------------------------------------------------------
msh-iterations: 1
-----------------------------------------------------------------------
high---q-brick-count = 100.00 % (53488 53486)
medium-q-brick-count =   0.00 % (53488 2)
bad----q-brick-count =   0.00 % (53488 0)
np-----q-brick-count =   0.02 % (53488 12)
-----------------------------------------------------------------------
Free brick parser storage...OK(0.002 s)
-----------------------------------------------------------------------
Memory Working Set Current = 100.53 Mb, Memory Working Set Peak = 105.23 Mb
Memory Private Bytes Current = 113.57 Mb, Memory Private Bytes Peak = 117.98 Mb
Process Threads Number: 31
-----------------------------------------------------------------------
-----------------------------------------------------------------------
MSH --> BCF format (Iteration 0)...
BCF collector...(remove mode=0)
	Time (alloc counter per brick): 0.001 s
	Brick    count: 53488
	Av.f all count: 57578
	Av.s all count: 394
	Av.f pid count: 8506
	Av.s pid count: 362
	Faces fs count: 1088
	Faces ff count: 4676
	Faces ss count: 0
	Faces bb count: 0
	Faces fe count: 7208
	Faces se count: 0
	Faces fw count: 12972
	Faces af count: 169002
	Faces as count: 848
	Time (all count): 	0.001 s
	Time (bcf alloc): 	0.001 s
	Time (shifts alloc): 	0.002 s
	Time (shifts init): 	0.002 s
	Time (bcf fill): 	0.001 s
	Time (add av to faces): 0.000 s
	Time (add faces to av): 0.002 s
Time (bcf collect): 		0.011 s
	AV checker...
		Hole marker...
	Front spread algorithm. Partition count = 24
	Front spread algorithm. Partition count = 24
	Time (front spread): 0.002 s
	Time (front spread): 0.002 s
			Subdomains:               2.
			Subdomains (cond):        2.
			Time (subdomain constructors): 0.002 s.
			Time (potential-hole marking): 	0.000 s
	Front spread algorithm. Partition count = 24
	Time (front spread): 0.000 s
			Hole av set size = 0
			Hole checking...
			Time (hole checking): 0.000 s.
			0 av(s) are marked to fill 0 subdomain holes.
		Time (hole marker): 0.003 s.
	Time (check av): 	0.005 s
	Subdomain checker...
	Front spread algorithm. Partition count = 24
	Time (front spread): 0.001 s
		Subdomains construction time: 0.001 s.
		Subdomains sort time: 0.000 s.
			Subdomain 0 (geom_ind=0): 48794 av
			Subdomain 1 (geom_ind=1): 8784 av
			Subdomain 2 (geom_ind=2): 394 av
		gi: 0, real bodies: 1
		gi: 0, subdomains:  1
		gi: 1, real bodies: 1
		gi: 1, subdomains:  1
		gi: 2, real bodies: 1
		gi: 2, subdomains:  1
		Defect subdomains: 0
	Time (check subdoms): 	0.002 s
Time (bcf iteration total): 	0.018 s
	Sum of fw-nb: 		1746
	Time (fw-nb): 		0.000 s
	Fixed mutual fw-nb:     1746 (bb: 0)
	Time (fw-nb mutual): 	0.001 s
	Time (fw-nb sort): 	0.000 s
	Fw-opt BEFORE total:    12972 (fs=1088, ff=4676, ss=0)
	Fw-opt AFTER  total:    12342 (fs=726, ff=4408, ss=0, failed fw/br=3/1, big_curv=80, big_poly=0)
	Fw-opt RESULT:          630 (res/(fs+ff+ss) = 11.46 %)
	Time (fw-opt): 		0.000 s
	Time (fw-re-order): 	0.001 s
	Sum of fw-nb: 		24628
	Time (fw-nb): 		0.000 s
	Fixed mutual fw-nb:     24628 (bb: 0)
	Time (fw-nb mutual): 	0.001 s
	Time (fw-nb sort): 	0.000 s
	Time (rfd conservation): 	0.000 s
	Time (rfd correct): 	0.000 s
	Time (av convexity): 	0.000 s
	Time (av small volume): 0.000 s
	Time (diagonal fw-nb): 	0.001 s
	Fixed mutual fw-nb:     0 (bb: 0)
	Time (fw-nb mutual): 	0.000 s
	Time (fw-nb sort): 	0.000 s
	Front spread algorithm. Partition count = 24
	Time (front spread): 0.001 s
	Fluid subdomains: 2
	Faces fw-nb diff sd:    0
	Time (fw-nb diff sd): 	0.001 s
Time (bcf calc): 		0.008 s
-----------------------------------------------------------------------
Time (bcf total): 		0.027 s
-----------------------------------------------------------------------
bcf-iterations: 1
-----------------------------------------------------------------------
-----------------------------------------------------------------------
Mega-cv constructor for fluid...
	 4 av's is treated as thin
Relative size generator (threshold = 0.05)...
	Iteration 1 (small cluster count = 1774)
	Iteration 2 (small cluster count = 1038)
	Iteration 3 (small cluster count = 343)
	Iteration 4 (small cluster count = 88)
	Iteration 5 (small cluster count = 6)
	Iteration 6 (small cluster count = 0)
	 1756 mega-cv's generated
	 6 mega-cv's removed
Relative size generator is completed OK (0.002 s)
Apply fa-rules to mega-cv clusters fixes...
	Fa-rule violation fixes:        4 of        4 (total cluster# =     1752)
OK (0.000 s)
Convert clusters:
	 1750 mega-cv's total
Mega-cv count: 1750
Time (mega-cv fill): 	0.000 s
Time (mega-cv total): 	0.004 s
-----------------------------------------------------------------------
Mixing plane rotation regions: FOUND.
Sliding mesh rotation regions: NO.
Fluid/fluid faces: FOUND.

-----------------------------------------------------------------------
Rings Cutter:

	Front spread algorithm. Partition count = 24
	Time (front spread): 0.001 s
Fluid Subdom Constructor: 2 subdom(s).
Subdom 0: I_87=0, cv_count=48794.
Subdom 1: I_87=1, cv_count=8784.
Rotating subdomains: 1
Number of ff faces in defect connections: 0
Curves of rotation: 1
Rings: 59
Time(init_rings) = 0.001 s

4408 ff-faces cutting into...19652 ff-faces.
Time(cutting) = 0.010 s
Closest rings additions to ff-faces: 0 occurrences.
Double-polygons: 0, 0 new dbl-faces.
Set new ff-faces to mesh...
	Sum of fw-nb: 		162492
	Time (fw-nb): 		0.003 s
	Fixed mutual fw-nb:     80 (bb: 0)
	Time (fw-nb mutual): 	0.002 s
	Time (fw-nb sort): 	0.000 s
Time(insert new faces) = 0.006 s
Time(av/cv recalculation params): 0.007 s, 0.000 s
AV Max Disbalance(Const) :        8.64696e-11 (cid=34529, t={64, 89, 77}, avid=38591, pid=8449)
AV Max Disbalance(Linear):        1.84303e-10 (cid=26473, t={72, 88, 68}, avid=57915, pid=309)
Time(rings) = 0.029 s
-----------------------------------------------------------------------

-----------------------------------------------------------------------
Memory Working Set Current = 125.92 Mb, Memory Working Set Peak = 129.46 Mb
Memory Private Bytes Current = 141.26 Mb, Memory Private Bytes Peak = 144.86 Mb
Process Threads Number: 31
-----------------------------------------------------------------------
----------------------------------------------------------
BCF --> BCF.GEOMSUBDOM (bridge arrays):
MESH (0):
	Front spread algorithm. Partition count = 24
	Time (front spread): 0.001 s
	Fluid Subdom Constructor: 2 subdom(s).
	Front spread algorithm. Partition count = 24
	Time (front spread): 0.000 s
	Solid Subdom Constructor: 1 subdom(s).
	Front spread algorithm. Partition count = 24
	Time (front spread): 0.001 s
	Net Asm Subdom Constructor: 0 subdom(s).
	GEOMSUBDOM (0): gi=0 Fluid av=48794 cv=48756 fa=143570 fw=17066 V=1.001185e+00
	Cache data...OK
	GEOMSUBDOM (1): gi=1 Fluid av=8784 cv=7040 fa=25432 fw=10520 V=2.364818e-03
	Cache data...OK
	GEOMSUBDOM (2): gi=2 Solid av=394 cv=394 fa=848 fw=726 V=2.263353e-05
	Cache data...OK
	Setting nb of w-faces...OK (0.001 s).
	Correcting nb of w-faces...
	Time(correct_fw_nb)=0.000 s

MESH (0) checking:
	GEOMSUBDOM (0):fa_s=102.0583891131578014 fw_s=6.1808844132387790 fw_nb=93558
	              :d_const(35284)=4.94195e-12 d_linear(18232)=1.04626e-11
	GEOMSUBDOM (1):fa_s=0.8815173555942871 fw_s=0.1526643305861986 fw_nb=42514
	              :d_const(2616)=4.42266e-11 d_linear(2805)=9.59554e-11
	GEOMSUBDOM (2):fa_s=0.0123819254809222 fw_s=0.0116476038290002 fw_nb=7092
	              :d_const(124)=7.75223e-13 d_linear(393)=1.84303e-10
MESH (0) checking: OK.
Time (MDS): 	0.021 s
----------------------------------------------------------
-----------------------------------------------------------------------
Memory Working Set Current = 148.66 Mb, Memory Working Set Peak = 148.66 Mb
Memory Private Bytes Current = 166.41 Mb, Memory Private Bytes Peak = 166.41 Mb
Process Threads Number: 31
-----------------------------------------------------------------------

-----------------------------------------------------------------------
BCF CHECKSUM DATA (Mesh 0):

BRICK |Level1| Sum:               20176
FACE_A Area Sum:   G.Fluid        102.9399064687520280
FACE_A Area Sum:   G.Solid        0.0123819254809222
FACE_W Area Sum:                  6.3335487438249771
FACE_W Nb   Sum:                  227304
FACE_W min curvatures sum:        -1654.07582435
FACE_W max curvatures sum:        133424.08697417
AV Max Disbalance(Const) :        8.64696e-11 (cid=34529, t={64, 89, 77}, avid=38591, pid=8449)
AV Max Disbalance(Linear):        1.84303e-10 (cid=26473, t={72, 88, 68}, avid=57915, pid=309)
-----------------------------------------------------------------------


-----------------------------------------------------------------------
MESHER TOPOLOGY DATA:

BRICKS: Total                 53488
BRICKS: Fluid                 53456
BRICKS: Fluid Partial         4384
BRICKS: Type 1                4384
BRICKS: Max AV number         3
BRICKS: |level1| sum          20176


AV:     G.Total               57972
AV:     G.Fluid               57578
AV:     G.Solid               394

AV:     G.Fluid Thin Profile    0.68 % (390)
AV:     G.Solid Thin Profile   18.78 % (74)

AV:     G.Fluid Thin For Mega   0.67 % (388)
AV:     G.Solid Thin For Mega  18.78 % (74)

AV:     G.Fluid Non-Convex      1.26 % (728)
AV:     G.Solid Non-Convex     47.21 % (186)

AV:     G.Fluid Non-Ess-Convex      0.77 % (446)
AV:     G.Solid Non-Ess-Convex     20.81 % (82)

FACE_A: G.Fluid          (af) 169002 (partially opened 17186)
FACE_A: G.Solid          (as) 848 (partially opened 704)

FACE_W: G.Total                 27586       Brick/Bound
FACE_W: G.Fluid/Solid    (fs_g) 726         0           
FACE_W: G.Fluid/Fluid    (ff_g) 19652       0           
FACE_W: G.Solid/Solid    (ss_g) 0           0           
FACE_W: G.Fluid/Void     (fv_g) 0           0           
FACE_W: G.Fluid/External (fe_g) 7208
FACE_W: G.Solid/External (se_g) 0

AV/CV max fa count (on brick side):5
AV/CV max fw count:                5
AV/CV max fw poly count:           13

MEMORY: Total                   19.356 MB
MEMORY: Per Brick               0.371 KB
-----------------------------------------------------------------------

-----------------------------------------------------------------------
Connectivities information:
	Number of conns: 0
-----------------------------------------------------------------------
	Time (gap size): 	0.002 s
-----------------------------------------------------------------------
Memory Working Set Current = 148.70 Mb, Memory Working Set Peak = 148.70 Mb
Memory Private Bytes Current = 166.43 Mb, Memory Private Bytes Peak = 166.44 Mb
Process Threads Number: 31
-----------------------------------------------------------------------
-----------------------------------------------------------------------
Calculating curvature and tolerance criteria...
Curvature: min=0 (cid=0) max=3.14063 (cid=24563)
Tolerance: min=0 (cid=0) max=0.00711822 (cid=24336)
Calculating curvature and tolerance criteria takes 0.006 s
-----------------------------------------------------------------------
MESH Build(FS) finished. Time=0.275 s
-----------------------------------------------------------------------
Current CPU = 1 sec

Nx=34
Ny=34
Nz=36
Max BRICK Level=2
Mesh Level=2
-----------------CModelBodies2MeshMapper::CollectData started -------------------------------
	Time (collect mesh base data): 0.001 s.
	Time (collect model bodies mapping): 0.000 s.
	Time (collect positive bodies mapping): 0.000 s.
	Time (collect fluid bodies mapping): 0.000 s.
-----------------CModelBodies2MeshMapper Report -------------------------------
FluidDomains 2 SolidDomains 1 VoidDomains 0 
Domains RefIndexes
----------------- -------------------------------
	ModelBodies
Total resolved Bodies 1 BodySets 1
BodySet 0
	Bodies list:
			#0	Name: <Propellor for CFD Testing>-<Cut-Extrude3>;	ID: 83bd21cb-d9de-4687-9fdf-9b369d000cc6
	Domains list:mesh type	 (0, 1)		 2 


--------------------------------------------------------------------------
	Positive geometry Bodies
Total resolved Bodies 2 BodySets 2
BodySet 0
	Bodies list:
			#0	Name: ;	ID: 5be0d5a3-3e06-4d2a-82f5-dcfeb966a4e2
	Domains list:mesh type	 (0, 1)		 1 

BodySet 1
	Bodies list:
			#0	Name: ;	ID: 8e27c292-5903-440f-a8e1-b203606e872c
	Domains list:mesh type	 (0, 1)		 2 


--------------------------------------------------------------------------
	Fluid regions
Total resolved Bodies 2 BodySets 1
BodySet 0	Material: Air; 
	Bodies list:
			#0	Name: ;	ID: 705eccbc-414e-4ea3-b80f-a2b50e046f6e
			#1	Name: ;	ID: 5be0d5a3-3e06-4d2a-82f5-dcfeb966a4e2
	Domains list:mesh type	 (0, 1)		 0 		 1 


--------------------------------------------------------------------------
Collect data takes...0.003 s
-----------------CModelBodies2MeshMapper::CollectData finished successfully-------------------
Saving initial mesh in: C:\Users\M0obo\OneDrive\Desktop\RC Plane v1\Concept\Propeller CFD\Parts\1\1.fld .
Storing results...
	Estimated CPT size=7.689 MB.
Write section 436 takes 0.000 s
Write section 101 takes 0.000 s
Write section 400 takes 0.002 s
Write section 437 takes 0.001 s
Write mesh/bricks section: 0.004 s
Write section 408 takes 0.004 s
Write section 427 takes 0.001 s
Write msh format: 0.006 s
Write section 406 takes 0.001 s
Write section 405 takes 0.000 s
Write section 451 takes 0.000 s
Write section 401 takes 0.006 s
Write section 402 takes 0.009 s
Write section 407 takes 0.002 s
Write section 421 takes 0.006 s
Write section 404 takes 0.002 s
Write section 416 takes 0.001 s
Write section 411 takes 0.000 s
Write section 413 takes 0.000 s
Write section 432 takes 0.000 s
Write plain bcf: 0.028 s
Write section 448 takes 0.001 s
Write section 446 takes 0.000 s
Write section 516 takes 0.000 s
	Time (write bcf): 0.038 s
X_STACK_LIST::write_x_stack_list4: started...
X_STACK_LIST::write_x_stack_list4: finished in 0.002 s
Storing results takes 0.043 s
-----------------------------------------------------------------------
Memory Working Set Current = 154.79 Mb, Memory Working Set Peak = 158.95 Mb
Memory Private Bytes Current = 174.23 Mb, Memory Private Bytes Peak = 177.40 Mb
Process Threads Number: 31
-----------------------------------------------------------------------
Cleaning memory...
-----------------------------------------------------------------------
Start to free mesher data...
MMP (gbs): locals=8, allc_sz=34.05 MB (0.00 MB), used_sz=27.10 MB, blk_sz=(0.12 MB/3.94 MB), blks-min-max=2/16 (big 0/0)
MMP (cpt_rgs): locals=0, allc_sz=0.00 MB (0.00 MB), used_sz=0.00 MB, blk_sz=(0.00 MB/0.00 MB), blks-min-max=0/0 (big 0/0)
MMP (slv_rgs): locals=0, allc_sz=0.00 MB (0.00 MB), used_sz=0.00 MB, blk_sz=(0.00 MB/0.00 MB), blks-min-max=0/0 (big 0/0)
MMP (msh): locals=24, allc_sz=8.84 MB (0.00 MB), used_sz=6.42 MB, blk_sz=(0.02 MB/2.44 MB), blks-min-max=3/14 (big 0/0)
MMP (brx): locals=24, allc_sz=9.66 MB (0.00 MB), used_sz=8.95 MB, blk_sz=(0.04 MB/0.07 MB), blks-min-max=10/15 (big 0/0)
MMP (bcf): locals=24, allc_sz=37.96 MB (0.00 MB), used_sz=31.94 MB, blk_sz=(0.04 MB/2.58 MB), blks-min-max=11/25 (big 0/0)
MMP (xsl): locals=24, allc_sz=0.75 MB (0.00 MB), used_sz=0.57 MB, blk_sz=(0.02 MB/0.02 MB), blks-min-max=1/2 (big 0/0)
Free xsl...            OK	Time=0.000 s
Free ray collector...  OK	Time=0.000 s
Free ray intersector...OK	Time=0.000 s
Free body sets...      OK	Time=0.001 s
Free Geometry DB takes 0.000 s
Free mesh conn...      OK	Time=0.000 s
Free geomsd...         OK	Time=0.000 s
Free mbricks...        OK	Time=0.000 s
Free hash info...      OK	Time=0.000 s
Free bricks-x...       OK	Time=0.000 s
Free bcf...            OK	Time=0.002 s
Free mesh h...         OK	Time=0.000 s
Free bricks arr..      OK	Time=0.000 s
Free bricks tree...    OK	Time=0.000 s
Free mesh pools...     OK	Time=0.009 s
Free bodies mapper...  OK	Time=0.000 s
Free geom crits...     OK	Time=0.000 s
Free cpt regions...    OK	Time=0.000 s
Free peculiar surfs... OK	Time=0.000 s
Free sw-geometries...  OK	Time=0.000 s
Free mesher wrk data...OK	Time=0.001 s
Total free mesher data time: 0.015 s
-----------------------------------------------------------------------
Copying... OK
CPT size=2.159 MB (2263568 bytes).
Mesh generation normally finished at	2.4.2026	20:21:40
Mesher CPU = 1 sec
Mesher is finished at	2.4.2026	20:21:40
-----------------------------------------------------------------------
Memory Working Set Current = 63.02 Mb, Memory Working Set Peak = 158.95 Mb
Memory Private Bytes Current = 70.45 Mb, Memory Private Bytes Peak = 177.40 Mb
Process Threads Number: 31
-----------------------------------------------------------------------
Algebra Pool      : mem_usage = 0.94 Mb, allocated count = 0
-----------------------------------------------------------------------
Memory Working Set Current = 62.17 Mb, Memory Working Set Peak = 158.95 Mb
Memory Private Bytes Current = 69.57 Mb, Memory Private Bytes Peak = 177.40 Mb
Process Threads Number: 31
Process Threads Number Peak: 31
-----------------------------------------------------------------------
Log ended at 02.04.2026	20:21:40
